2025-05-28 10:50:38,638 - TradingBot - INFO - 日志初始化成功，当前日志文件: logs\trading_2025-05-28.log
2025-05-28 10:50:38,638 - TradingBot - INFO - 交易程序启动，进入日内多次换仓模式
2025-05-28 10:50:38,935 - TradingBot - INFO - Binance 客户端初始化成功，测试网络: False
2025-05-28 10:50:39,227 - TradingBot - INFO - 所有交易对已是全仓模式 (CROSSED)，无需修改
2025-05-28 10:50:39,336 - TradingBot - INFO - 账户已是单币种模式 (Single)，无需修改
2025-05-28 10:50:39,454 - TradingBot - INFO - 账户已是单向模式 (One-way)，无需修改
2025-05-28 10:50:39,948 - TradingBot - INFO - 检查 20250528 的文件或邮件，Run_ID: 2025-05-28_105039
2025-05-28 10:50:39,948 - TradingBot - INFO - 检查本地文件: data/pos20250528_v3.csv
2025-05-28 10:50:39,948 - TradingBot - INFO - 本地找到文件 data/pos20250528_v3.csv，哈希: ddc67e0b831d935889229e7cf119ca7f，未处理，直接使用
2025-05-28 10:50:39,948 - TradingBot - INFO - 处理 20250528 的pos文件，Run_ID: 2025-05-28_105039
2025-05-28 10:50:39,948 - TradingBot - INFO - 🚀 开始执行交易引擎 | Date: 20250528 | RunID: 2025-05-28_105039
2025-05-28 10:50:40,059 - TradingBot - INFO - 当前没有未成交的挂单
2025-05-28 10:50:40,073 - TradingBot - INFO - 📋 黑名单过滤结果
├─ 被过滤币种 (18个): ASTUSDT, BADGERUSDT, BALUSDT, BURGERUSDT, CREAMUSDT, CTXCUSDT, ELFUSDT, FIROUSDT, HARDUSDT, LINAUSDT, NULSUSDT, PROSUSDT, SNTUSDT, TROYUSDT, UFTUSDT, VIBUSDT, VIDTUSDT, WINGUSDT
└─ 剩余候选池: 171/189
2025-05-28 10:50:40,082 - TradingBot - INFO - 🔍 有效候选列表
├─ 多头候选: 86个
└─ 空头候选: 85个
2025-05-28 10:50:40,327 - TradingBot - INFO - =====账户信息获取成功: totalMarginBalance = 48.89136545, available_balance = 48.89136545=====
2025-05-28 10:50:40,327 - TradingBot - INFO - 每笔交易资金份额: per_share=3.1350975321428574
2025-05-28 10:50:40,440 - TradingBot - INFO - 获取到 0 个非零持仓
2025-05-28 10:50:40,440 - TradingBot - INFO - 当前持仓: {}，是否第一天: True
2025-05-28 10:50:40,877 - TradingBot - INFO - YFIUSDT 数量调整: 0.0016780183044475597 -> 0.002, 最小值: 0.001, 最大值: 500.0, 名义价值=11.21, 真实保证金=3.736667, 数量精度=3
2025-05-28 10:50:41,350 - TradingBot - WARNING - ETHUSDT 数量调整为 0 (因名义价值 10.54388 小于最小值 20.0)
2025-05-28 10:50:41,350 - TradingBot - INFO - ETHUSDT 数量调整: 0.0035680575258552156 -> 0, 最小值: 0.001, 最大值: 10000.0, 名义价值=0.0, 真实保证金=0.000000, 数量精度=3
2025-05-28 10:50:41,746 - TradingBot - WARNING - LTCUSDT 数量调整为 0 (因名义价值 9.44757 小于最小值 20.0)
2025-05-28 10:50:41,746 - TradingBot - INFO - LTCUSDT 数量调整: 0.09855697994790497 -> 0, 最小值: 0.001, 最大值: 10000.0, 名义价值=0.0, 真实保证金=0.000000, 数量精度=3
2025-05-28 10:50:42,147 - TradingBot - INFO - GASUSDT 数量调整: 2.857882891652559 -> 2.9, 最小值: 0.1, 最大值: 1000000.0, 名义价值=9.543899999999999, 真实保证金=3.181300, 数量精度=1
2025-05-28 10:50:42,542 - TradingBot - INFO - COMPUSDT 数量调整: 0.22224226362071295 -> 0.222, 最小值: 0.001, 最大值: 10000.0, 名义价值=9.39504, 真实保证金=3.131680, 数量精度=3
2025-05-28 10:50:42,985 - TradingBot - INFO - CTSIUSDT 数量调整: 126.24553820709492 -> 126.0, 最小值: 1.0, 最大值: 2000000.0, 名义价值=9.387, 真实保证金=3.129000, 数量精度=0
2025-05-28 10:50:43,131 - TradingBot - INFO - 交易对 MBLUSDT 不可交易，状态: None
2025-05-28 10:50:43,542 - TradingBot - INFO - CHRUSDT 数量调整: 93.02960036032218 -> 93.0, 最小值: 1.0, 最大值: 1000000.0, 名义价值=9.4023, 真实保证金=3.134100, 数量精度=0
2025-05-28 10:50:43,953 - TradingBot - INFO - CELRUSDT 数量调整: 966.6282216267801 -> 967.0, 最小值: 1.0, 最大值: 10000000.0, 名义价值=9.40891, 真实保证金=3.136303, 数量精度=0
2025-05-28 10:50:44,358 - TradingBot - INFO - CTKUSDT 数量调整: 26.41194214105187 -> 26.0, 最小值: 1.0, 最大值: 2500000.0, 名义价值=9.258600000000001, 真实保证金=3.086200, 数量精度=0
2025-05-28 10:50:44,767 - TradingBot - INFO - AERGOUSDT 数量调整: 58.97474665430506 -> 59.0, 最小值: 1.0, 最大值: 4000000.0, 名义价值=9.409320000000001, 真实保证金=3.136440, 数量精度=0
2025-05-28 10:50:45,177 - TradingBot - INFO - FUNUSDT 数量调整: 2439.1318974140486 -> 2439.0, 最小值: 1.0, 最大值: 200000000.0, 名义价值=9.404784, 真实保证金=3.134928, 数量精度=0
2025-05-28 10:50:45,568 - TradingBot - INFO - NMRUSDT 数量调整: 1.0763667425530525 -> 1.1, 最小值: 0.1, 最大值: 1000000.0, 名义价值=9.6118, 真实保证金=3.203933, 数量精度=1
2025-05-28 10:50:45,981 - TradingBot - INFO - KAVAUSDT 数量调整: 21.867687971235927 -> 21.9, 最小值: 0.1, 最大值: 1000000.0, 名义价值=9.419189999999999, 真实保证金=3.139730, 数量精度=1
2025-05-28 10:50:46,386 - TradingBot - INFO - BNBUSDT 数量调整: 0.013766730479703407 -> 0.01, 最小值: 0.01, 最大值: 100000.0, 名义价值=6.831900000000001, 真实保证金=2.277300, 数量精度=2
2025-05-28 10:50:46,820 - TradingBot - INFO - GHSTUSDT 数量调整: 20.956534305767764 -> 21.0, 最小值: 1.0, 最大值: 1000000.0, 名义价值=9.4248, 真实保证金=3.141600, 数量精度=0
2025-05-28 10:50:47,228 - TradingBot - WARNING - ETCUSDT 数量调整为 0 (因名义价值 9.45336 小于最小值 20.0)
2025-05-28 10:50:47,228 - TradingBot - INFO - ETCUSDT 数量调整: 0.5074068081802207 -> 0, 最小值: 0.01, 最大值: 100000.0, 名义价值=0.0, 真实保证金=0.000000, 数量精度=2
2025-05-28 10:50:47,648 - TradingBot - INFO - ATOMUSDT 数量调整: 1.9968774090081893 -> 2.0, 最小值: 0.01, 最大值: 100000.0, 名义价值=9.42, 真实保证金=3.140000, 数量精度=2
2025-05-28 10:50:47,650 - TradingBot - INFO - 初始化目标持仓: {'YFIUSDT': 0.002, 'GASUSDT': 2.9, 'COMPUSDT': 0.222, 'CTSIUSDT': 126.0, 'CHRUSDT': 93.0, 'CELRUSDT': 967.0, 'CTKUSDT': 26.0, 'AERGOUSDT': -59.0, 'FUNUSDT': -2439.0, 'NMRUSDT': -1.1, 'KAVAUSDT': -21.9, 'BNBUSDT': -0.01, 'GHSTUSDT': -21.0, 'ATOMUSDT': -2.0}
2025-05-28 10:50:47,823 - TradingBot - INFO - 获取到 0 个非零持仓
2025-05-28 10:50:47,965 - TradingBot - INFO - ==================== 开始持续限价单调仓 ====================
2025-05-28 10:50:47,965 - TradingBot - INFO - 开始第 1 轮调仓...
2025-05-28 10:50:48,092 - TradingBot - INFO - 第 1 轮开始时可用余额: 48.89136545
2025-05-28 10:50:48,309 - TradingBot - INFO - 获取到 0 个非零持仓
2025-05-28 10:50:48,310 - TradingBot - INFO - 第 1 轮完成，剩余需求: {'YFIUSDT': 0.002, 'FUNUSDT': -2439.0, 'CHRUSDT': 93.0, 'AERGOUSDT': -59.0, 'GHSTUSDT': -21.0, 'NMRUSDT': -1.1, 'GASUSDT': 2.9, 'COMPUSDT': 0.222, 'KAVAUSDT': -21.9, 'CTKUSDT': 26.0, 'BNBUSDT': -0.01, 'CTSIUSDT': 126.0, 'ATOMUSDT': -2.0, 'CELRUSDT': 967.0}
2025-05-28 10:50:48,310 - TradingBot - INFO - 开始第 2 轮调仓...
2025-05-28 10:50:48,433 - TradingBot - INFO - 第 2 轮开始时可用余额: 48.89136545
2025-05-28 10:50:48,665 - TradingBot - INFO - 获取到 0 个非零持仓
2025-05-28 10:50:48,665 - TradingBot - INFO - 第 2 轮完成，剩余需求: {'YFIUSDT': 0.002, 'FUNUSDT': -2439.0, 'CHRUSDT': 93.0, 'AERGOUSDT': -59.0, 'GHSTUSDT': -21.0, 'NMRUSDT': -1.1, 'GASUSDT': 2.9, 'COMPUSDT': 0.222, 'KAVAUSDT': -21.9, 'CTKUSDT': 26.0, 'BNBUSDT': -0.01, 'CTSIUSDT': 126.0, 'ATOMUSDT': -2.0, 'CELRUSDT': 967.0}
2025-05-28 10:50:48,665 - TradingBot - INFO - 开始第 3 轮调仓...
2025-05-28 10:50:48,952 - TradingBot - INFO - 第 3 轮开始时可用余额: 48.89136545
2025-05-28 10:50:49,194 - TradingBot - INFO - 获取到 0 个非零持仓
2025-05-28 10:50:49,194 - TradingBot - INFO - 第 3 轮完成，剩余需求: {'YFIUSDT': 0.002, 'FUNUSDT': -2439.0, 'CHRUSDT': 93.0, 'AERGOUSDT': -59.0, 'GHSTUSDT': -21.0, 'NMRUSDT': -1.1, 'GASUSDT': 2.9, 'COMPUSDT': 0.222, 'KAVAUSDT': -21.9, 'CTKUSDT': 26.0, 'BNBUSDT': -0.01, 'CTSIUSDT': 126.0, 'ATOMUSDT': -2.0, 'CELRUSDT': 967.0}
2025-05-28 10:50:49,194 - TradingBot - INFO - 开始第 4 轮调仓...
2025-05-28 10:50:49,320 - TradingBot - INFO - 第 4 轮开始时可用余额: 48.89136545
2025-05-28 10:50:49,541 - TradingBot - INFO - 获取到 0 个非零持仓
2025-05-28 10:50:49,541 - TradingBot - INFO - 第 4 轮完成，剩余需求: {'YFIUSDT': 0.002, 'FUNUSDT': -2439.0, 'CHRUSDT': 93.0, 'AERGOUSDT': -59.0, 'GHSTUSDT': -21.0, 'NMRUSDT': -1.1, 'GASUSDT': 2.9, 'COMPUSDT': 0.222, 'KAVAUSDT': -21.9, 'CTKUSDT': 26.0, 'BNBUSDT': -0.01, 'CTSIUSDT': 126.0, 'ATOMUSDT': -2.0, 'CELRUSDT': 967.0}
2025-05-28 10:50:49,541 - TradingBot - INFO - 开始第 5 轮调仓...
2025-05-28 10:50:49,658 - TradingBot - INFO - 第 5 轮开始时可用余额: 48.89136545
2025-05-28 10:50:49,875 - TradingBot - INFO - 获取到 0 个非零持仓
2025-05-28 10:50:49,875 - TradingBot - INFO - 第 5 轮完成，剩余需求: {'YFIUSDT': 0.002, 'FUNUSDT': -2439.0, 'CHRUSDT': 93.0, 'AERGOUSDT': -59.0, 'GHSTUSDT': -21.0, 'NMRUSDT': -1.1, 'GASUSDT': 2.9, 'COMPUSDT': 0.222, 'KAVAUSDT': -21.9, 'CTKUSDT': 26.0, 'BNBUSDT': -0.01, 'CTSIUSDT': 126.0, 'ATOMUSDT': -2.0, 'CELRUSDT': 967.0}
2025-05-28 10:50:49,875 - TradingBot - INFO - 开始第 6 轮调仓...
2025-05-28 10:50:49,992 - TradingBot - INFO - 第 6 轮开始时可用余额: 48.89136545
2025-05-28 10:50:50,208 - TradingBot - INFO - 获取到 0 个非零持仓
2025-05-28 10:50:50,208 - TradingBot - INFO - 第 6 轮完成，剩余需求: {'YFIUSDT': 0.002, 'FUNUSDT': -2439.0, 'CHRUSDT': 93.0, 'AERGOUSDT': -59.0, 'GHSTUSDT': -21.0, 'NMRUSDT': -1.1, 'GASUSDT': 2.9, 'COMPUSDT': 0.222, 'KAVAUSDT': -21.9, 'CTKUSDT': 26.0, 'BNBUSDT': -0.01, 'CTSIUSDT': 126.0, 'ATOMUSDT': -2.0, 'CELRUSDT': 967.0}
2025-05-28 10:50:50,208 - TradingBot - INFO - 开始第 7 轮调仓...
2025-05-28 10:50:50,331 - TradingBot - INFO - 第 7 轮开始时可用余额: 48.89136545
2025-05-28 10:50:50,561 - TradingBot - INFO - 获取到 0 个非零持仓
2025-05-28 10:50:50,562 - TradingBot - INFO - 第 7 轮完成，剩余需求: {'YFIUSDT': 0.002, 'FUNUSDT': -2439.0, 'CHRUSDT': 93.0, 'AERGOUSDT': -59.0, 'GHSTUSDT': -21.0, 'NMRUSDT': -1.1, 'GASUSDT': 2.9, 'COMPUSDT': 0.222, 'KAVAUSDT': -21.9, 'CTKUSDT': 26.0, 'BNBUSDT': -0.01, 'CTSIUSDT': 126.0, 'ATOMUSDT': -2.0, 'CELRUSDT': 967.0}
2025-05-28 10:50:50,562 - TradingBot - INFO - 开始第 8 轮调仓...
2025-05-28 10:50:50,678 - TradingBot - INFO - 第 8 轮开始时可用余额: 48.89136545
2025-05-28 10:50:50,900 - TradingBot - INFO - 获取到 0 个非零持仓
2025-05-28 10:50:50,900 - TradingBot - INFO - 第 8 轮完成，剩余需求: {'YFIUSDT': 0.002, 'FUNUSDT': -2439.0, 'CHRUSDT': 93.0, 'AERGOUSDT': -59.0, 'GHSTUSDT': -21.0, 'NMRUSDT': -1.1, 'GASUSDT': 2.9, 'COMPUSDT': 0.222, 'KAVAUSDT': -21.9, 'CTKUSDT': 26.0, 'BNBUSDT': -0.01, 'CTSIUSDT': 126.0, 'ATOMUSDT': -2.0, 'CELRUSDT': 967.0}
2025-05-28 10:50:50,900 - TradingBot - INFO - 开始第 9 轮调仓...
2025-05-28 10:50:51,017 - TradingBot - INFO - 第 9 轮开始时可用余额: 48.89136545
2025-05-28 10:50:51,243 - TradingBot - INFO - 获取到 0 个非零持仓
2025-05-28 10:50:51,243 - TradingBot - INFO - 第 9 轮完成，剩余需求: {'YFIUSDT': 0.002, 'FUNUSDT': -2439.0, 'CHRUSDT': 93.0, 'AERGOUSDT': -59.0, 'GHSTUSDT': -21.0, 'NMRUSDT': -1.1, 'GASUSDT': 2.9, 'COMPUSDT': 0.222, 'KAVAUSDT': -21.9, 'CTKUSDT': 26.0, 'BNBUSDT': -0.01, 'CTSIUSDT': 126.0, 'ATOMUSDT': -2.0, 'CELRUSDT': 967.0}
2025-05-28 10:50:51,243 - TradingBot - INFO - 开始第 10 轮调仓...
2025-05-28 10:50:51,364 - TradingBot - INFO - 第 10 轮开始时可用余额: 48.89136545
2025-05-28 10:50:51,585 - TradingBot - INFO - 获取到 0 个非零持仓
2025-05-28 10:50:51,585 - TradingBot - INFO - 第 10 轮完成，剩余需求: {'YFIUSDT': 0.002, 'FUNUSDT': -2439.0, 'CHRUSDT': 93.0, 'AERGOUSDT': -59.0, 'GHSTUSDT': -21.0, 'NMRUSDT': -1.1, 'GASUSDT': 2.9, 'COMPUSDT': 0.222, 'KAVAUSDT': -21.9, 'CTKUSDT': 26.0, 'BNBUSDT': -0.01, 'CTSIUSDT': 126.0, 'ATOMUSDT': -2.0, 'CELRUSDT': 967.0}
2025-05-28 10:50:51,585 - TradingBot - INFO - 开始第 11 轮调仓...
2025-05-28 10:50:51,704 - TradingBot - INFO - 第 11 轮开始时可用余额: 48.89136545
2025-05-28 10:50:51,922 - TradingBot - INFO - 获取到 0 个非零持仓
2025-05-28 10:50:51,922 - TradingBot - INFO - 第 11 轮完成，剩余需求: {'YFIUSDT': 0.002, 'FUNUSDT': -2439.0, 'CHRUSDT': 93.0, 'AERGOUSDT': -59.0, 'GHSTUSDT': -21.0, 'NMRUSDT': -1.1, 'GASUSDT': 2.9, 'COMPUSDT': 0.222, 'KAVAUSDT': -21.9, 'CTKUSDT': 26.0, 'BNBUSDT': -0.01, 'CTSIUSDT': 126.0, 'ATOMUSDT': -2.0, 'CELRUSDT': 967.0}
2025-05-28 10:50:51,922 - TradingBot - INFO - 开始第 12 轮调仓...
2025-05-28 10:50:52,041 - TradingBot - INFO - 第 12 轮开始时可用余额: 48.89136545
2025-05-28 10:50:52,256 - TradingBot - INFO - 获取到 0 个非零持仓
2025-05-28 10:50:52,256 - TradingBot - INFO - 第 12 轮完成，剩余需求: {'YFIUSDT': 0.002, 'FUNUSDT': -2439.0, 'CHRUSDT': 93.0, 'AERGOUSDT': -59.0, 'GHSTUSDT': -21.0, 'NMRUSDT': -1.1, 'GASUSDT': 2.9, 'COMPUSDT': 0.222, 'KAVAUSDT': -21.9, 'CTKUSDT': 26.0, 'BNBUSDT': -0.01, 'CTSIUSDT': 126.0, 'ATOMUSDT': -2.0, 'CELRUSDT': 967.0}
2025-05-28 10:50:52,256 - TradingBot - INFO - 开始第 13 轮调仓...
2025-05-28 10:50:52,373 - TradingBot - INFO - 第 13 轮开始时可用余额: 48.89136545
2025-05-28 10:50:52,608 - TradingBot - INFO - 获取到 0 个非零持仓
2025-05-28 10:50:52,608 - TradingBot - INFO - 第 13 轮完成，剩余需求: {'YFIUSDT': 0.002, 'FUNUSDT': -2439.0, 'CHRUSDT': 93.0, 'AERGOUSDT': -59.0, 'GHSTUSDT': -21.0, 'NMRUSDT': -1.1, 'GASUSDT': 2.9, 'COMPUSDT': 0.222, 'KAVAUSDT': -21.9, 'CTKUSDT': 26.0, 'BNBUSDT': -0.01, 'CTSIUSDT': 126.0, 'ATOMUSDT': -2.0, 'CELRUSDT': 967.0}
2025-05-28 10:50:52,608 - TradingBot - INFO - 开始第 14 轮调仓...
2025-05-28 10:50:52,741 - TradingBot - INFO - 第 14 轮开始时可用余额: 48.89136545
2025-05-28 10:50:52,959 - TradingBot - INFO - 获取到 0 个非零持仓
2025-05-28 10:50:52,960 - TradingBot - INFO - 第 14 轮完成，剩余需求: {'YFIUSDT': 0.002, 'FUNUSDT': -2439.0, 'CHRUSDT': 93.0, 'AERGOUSDT': -59.0, 'GHSTUSDT': -21.0, 'NMRUSDT': -1.1, 'GASUSDT': 2.9, 'COMPUSDT': 0.222, 'KAVAUSDT': -21.9, 'CTKUSDT': 26.0, 'BNBUSDT': -0.01, 'CTSIUSDT': 126.0, 'ATOMUSDT': -2.0, 'CELRUSDT': 967.0}
2025-05-28 10:50:52,960 - TradingBot - INFO - 开始第 15 轮调仓...
2025-05-28 10:50:53,081 - TradingBot - INFO - 第 15 轮开始时可用余额: 48.89136545
2025-05-28 10:50:53,302 - TradingBot - INFO - 获取到 0 个非零持仓
2025-05-28 10:50:53,302 - TradingBot - INFO - 第 15 轮完成，剩余需求: {'YFIUSDT': 0.002, 'FUNUSDT': -2439.0, 'CHRUSDT': 93.0, 'AERGOUSDT': -59.0, 'GHSTUSDT': -21.0, 'NMRUSDT': -1.1, 'GASUSDT': 2.9, 'COMPUSDT': 0.222, 'KAVAUSDT': -21.9, 'CTKUSDT': 26.0, 'BNBUSDT': -0.01, 'CTSIUSDT': 126.0, 'ATOMUSDT': -2.0, 'CELRUSDT': 967.0}
2025-05-28 10:50:53,302 - TradingBot - INFO - 开始第 16 轮调仓...
2025-05-28 10:50:53,420 - TradingBot - INFO - 第 16 轮开始时可用余额: 48.89136545
2025-05-28 10:50:53,644 - TradingBot - INFO - 获取到 0 个非零持仓
2025-05-28 10:50:53,644 - TradingBot - INFO - 第 16 轮完成，剩余需求: {'YFIUSDT': 0.002, 'FUNUSDT': -2439.0, 'CHRUSDT': 93.0, 'AERGOUSDT': -59.0, 'GHSTUSDT': -21.0, 'NMRUSDT': -1.1, 'GASUSDT': 2.9, 'COMPUSDT': 0.222, 'KAVAUSDT': -21.9, 'CTKUSDT': 26.0, 'BNBUSDT': -0.01, 'CTSIUSDT': 126.0, 'ATOMUSDT': -2.0, 'CELRUSDT': 967.0}
2025-05-28 10:50:53,644 - TradingBot - INFO - 开始第 17 轮调仓...
2025-05-28 10:50:53,763 - TradingBot - INFO - 第 17 轮开始时可用余额: 48.89136545
2025-05-28 10:50:53,981 - TradingBot - INFO - 获取到 0 个非零持仓
2025-05-28 10:50:53,981 - TradingBot - INFO - 第 17 轮完成，剩余需求: {'YFIUSDT': 0.002, 'FUNUSDT': -2439.0, 'CHRUSDT': 93.0, 'AERGOUSDT': -59.0, 'GHSTUSDT': -21.0, 'NMRUSDT': -1.1, 'GASUSDT': 2.9, 'COMPUSDT': 0.222, 'KAVAUSDT': -21.9, 'CTKUSDT': 26.0, 'BNBUSDT': -0.01, 'CTSIUSDT': 126.0, 'ATOMUSDT': -2.0, 'CELRUSDT': 967.0}
2025-05-28 10:50:53,981 - TradingBot - INFO - 开始第 18 轮调仓...
2025-05-28 10:50:54,106 - TradingBot - INFO - 第 18 轮开始时可用余额: 48.89136545
2025-05-28 10:50:54,328 - TradingBot - INFO - 获取到 0 个非零持仓
2025-05-28 10:50:54,328 - TradingBot - INFO - 第 18 轮完成，剩余需求: {'YFIUSDT': 0.002, 'FUNUSDT': -2439.0, 'CHRUSDT': 93.0, 'AERGOUSDT': -59.0, 'GHSTUSDT': -21.0, 'NMRUSDT': -1.1, 'GASUSDT': 2.9, 'COMPUSDT': 0.222, 'KAVAUSDT': -21.9, 'CTKUSDT': 26.0, 'BNBUSDT': -0.01, 'CTSIUSDT': 126.0, 'ATOMUSDT': -2.0, 'CELRUSDT': 967.0}
2025-05-28 10:50:54,328 - TradingBot - INFO - 开始第 19 轮调仓...
2025-05-28 10:50:54,453 - TradingBot - INFO - 第 19 轮开始时可用余额: 48.89136545
2025-05-28 10:50:54,682 - TradingBot - INFO - 获取到 0 个非零持仓
2025-05-28 10:50:54,682 - TradingBot - INFO - 第 19 轮完成，剩余需求: {'YFIUSDT': 0.002, 'FUNUSDT': -2439.0, 'CHRUSDT': 93.0, 'AERGOUSDT': -59.0, 'GHSTUSDT': -21.0, 'NMRUSDT': -1.1, 'GASUSDT': 2.9, 'COMPUSDT': 0.222, 'KAVAUSDT': -21.9, 'CTKUSDT': 26.0, 'BNBUSDT': -0.01, 'CTSIUSDT': 126.0, 'ATOMUSDT': -2.0, 'CELRUSDT': 967.0}
2025-05-28 10:50:54,682 - TradingBot - INFO - 开始第 20 轮调仓...
2025-05-28 10:50:54,805 - TradingBot - INFO - 第 20 轮开始时可用余额: 48.89136545
2025-05-28 10:50:55,037 - TradingBot - INFO - 获取到 0 个非零持仓
2025-05-28 10:50:55,037 - TradingBot - INFO - 第 20 轮完成，剩余需求: {'YFIUSDT': 0.002, 'FUNUSDT': -2439.0, 'CHRUSDT': 93.0, 'AERGOUSDT': -59.0, 'GHSTUSDT': -21.0, 'NMRUSDT': -1.1, 'GASUSDT': 2.9, 'COMPUSDT': 0.222, 'KAVAUSDT': -21.9, 'CTKUSDT': 26.0, 'BNBUSDT': -0.01, 'CTSIUSDT': 126.0, 'ATOMUSDT': -2.0, 'CELRUSDT': 967.0}
2025-05-28 10:50:55,037 - TradingBot - INFO - 开始第 21 轮调仓...
2025-05-28 10:50:55,163 - TradingBot - INFO - 第 21 轮开始时可用余额: 48.89136545
2025-05-28 10:50:55,386 - TradingBot - INFO - 获取到 0 个非零持仓
2025-05-28 10:50:55,386 - TradingBot - INFO - 第 21 轮完成，剩余需求: {'YFIUSDT': 0.002, 'FUNUSDT': -2439.0, 'CHRUSDT': 93.0, 'AERGOUSDT': -59.0, 'GHSTUSDT': -21.0, 'NMRUSDT': -1.1, 'GASUSDT': 2.9, 'COMPUSDT': 0.222, 'KAVAUSDT': -21.9, 'CTKUSDT': 26.0, 'BNBUSDT': -0.01, 'CTSIUSDT': 126.0, 'ATOMUSDT': -2.0, 'CELRUSDT': 967.0}
2025-05-28 10:50:55,386 - TradingBot - INFO - 开始第 22 轮调仓...
2025-05-28 10:50:55,505 - TradingBot - INFO - 第 22 轮开始时可用余额: 48.89136545
2025-05-28 10:50:55,726 - TradingBot - INFO - 获取到 0 个非零持仓
2025-05-28 10:50:55,726 - TradingBot - INFO - 第 22 轮完成，剩余需求: {'YFIUSDT': 0.002, 'FUNUSDT': -2439.0, 'CHRUSDT': 93.0, 'AERGOUSDT': -59.0, 'GHSTUSDT': -21.0, 'NMRUSDT': -1.1, 'GASUSDT': 2.9, 'COMPUSDT': 0.222, 'KAVAUSDT': -21.9, 'CTKUSDT': 26.0, 'BNBUSDT': -0.01, 'CTSIUSDT': 126.0, 'ATOMUSDT': -2.0, 'CELRUSDT': 967.0}
2025-05-28 10:50:55,726 - TradingBot - INFO - 开始第 23 轮调仓...
2025-05-28 10:50:55,848 - TradingBot - INFO - 第 23 轮开始时可用余额: 48.89136545
2025-05-28 10:50:56,071 - TradingBot - INFO - 获取到 0 个非零持仓
2025-05-28 10:50:56,071 - TradingBot - INFO - 第 23 轮完成，剩余需求: {'YFIUSDT': 0.002, 'FUNUSDT': -2439.0, 'CHRUSDT': 93.0, 'AERGOUSDT': -59.0, 'GHSTUSDT': -21.0, 'NMRUSDT': -1.1, 'GASUSDT': 2.9, 'COMPUSDT': 0.222, 'KAVAUSDT': -21.9, 'CTKUSDT': 26.0, 'BNBUSDT': -0.01, 'CTSIUSDT': 126.0, 'ATOMUSDT': -2.0, 'CELRUSDT': 967.0}
2025-05-28 10:50:56,071 - TradingBot - INFO - 开始第 24 轮调仓...
2025-05-28 10:50:56,195 - TradingBot - INFO - 第 24 轮开始时可用余额: 48.89136545
2025-05-28 10:50:56,443 - TradingBot - INFO - 获取到 0 个非零持仓
2025-05-28 10:50:56,443 - TradingBot - INFO - 第 24 轮完成，剩余需求: {'YFIUSDT': 0.002, 'FUNUSDT': -2439.0, 'CHRUSDT': 93.0, 'AERGOUSDT': -59.0, 'GHSTUSDT': -21.0, 'NMRUSDT': -1.1, 'GASUSDT': 2.9, 'COMPUSDT': 0.222, 'KAVAUSDT': -21.9, 'CTKUSDT': 26.0, 'BNBUSDT': -0.01, 'CTSIUSDT': 126.0, 'ATOMUSDT': -2.0, 'CELRUSDT': 967.0}
2025-05-28 10:50:56,443 - TradingBot - INFO - 开始第 25 轮调仓...
2025-05-28 10:50:56,567 - TradingBot - INFO - 第 25 轮开始时可用余额: 48.89136545
2025-05-28 10:50:56,785 - TradingBot - INFO - 获取到 0 个非零持仓
2025-05-28 10:50:56,785 - TradingBot - INFO - 第 25 轮完成，剩余需求: {'YFIUSDT': 0.002, 'FUNUSDT': -2439.0, 'CHRUSDT': 93.0, 'AERGOUSDT': -59.0, 'GHSTUSDT': -21.0, 'NMRUSDT': -1.1, 'GASUSDT': 2.9, 'COMPUSDT': 0.222, 'KAVAUSDT': -21.9, 'CTKUSDT': 26.0, 'BNBUSDT': -0.01, 'CTSIUSDT': 126.0, 'ATOMUSDT': -2.0, 'CELRUSDT': 967.0}
2025-05-28 10:50:56,785 - TradingBot - INFO - 开始第 26 轮调仓...
2025-05-28 10:50:56,911 - TradingBot - INFO - 第 26 轮开始时可用余额: 48.89136545
2025-05-28 10:50:57,138 - TradingBot - INFO - 获取到 0 个非零持仓
2025-05-28 10:50:57,138 - TradingBot - INFO - 第 26 轮完成，剩余需求: {'YFIUSDT': 0.002, 'FUNUSDT': -2439.0, 'CHRUSDT': 93.0, 'AERGOUSDT': -59.0, 'GHSTUSDT': -21.0, 'NMRUSDT': -1.1, 'GASUSDT': 2.9, 'COMPUSDT': 0.222, 'KAVAUSDT': -21.9, 'CTKUSDT': 26.0, 'BNBUSDT': -0.01, 'CTSIUSDT': 126.0, 'ATOMUSDT': -2.0, 'CELRUSDT': 967.0}
2025-05-28 10:50:57,138 - TradingBot - INFO - 开始第 27 轮调仓...
2025-05-28 10:50:57,263 - TradingBot - INFO - 第 27 轮开始时可用余额: 48.89136545
2025-05-28 10:50:57,485 - TradingBot - INFO - 获取到 0 个非零持仓
2025-05-28 10:50:57,485 - TradingBot - INFO - 第 27 轮完成，剩余需求: {'YFIUSDT': 0.002, 'FUNUSDT': -2439.0, 'CHRUSDT': 93.0, 'AERGOUSDT': -59.0, 'GHSTUSDT': -21.0, 'NMRUSDT': -1.1, 'GASUSDT': 2.9, 'COMPUSDT': 0.222, 'KAVAUSDT': -21.9, 'CTKUSDT': 26.0, 'BNBUSDT': -0.01, 'CTSIUSDT': 126.0, 'ATOMUSDT': -2.0, 'CELRUSDT': 967.0}
2025-05-28 10:50:57,485 - TradingBot - INFO - 开始第 28 轮调仓...
2025-05-28 10:50:57,608 - TradingBot - INFO - 第 28 轮开始时可用余额: 48.89136545
2025-05-28 10:50:57,827 - TradingBot - INFO - 获取到 0 个非零持仓
2025-05-28 10:50:57,827 - TradingBot - INFO - 第 28 轮完成，剩余需求: {'YFIUSDT': 0.002, 'FUNUSDT': -2439.0, 'CHRUSDT': 93.0, 'AERGOUSDT': -59.0, 'GHSTUSDT': -21.0, 'NMRUSDT': -1.1, 'GASUSDT': 2.9, 'COMPUSDT': 0.222, 'KAVAUSDT': -21.9, 'CTKUSDT': 26.0, 'BNBUSDT': -0.01, 'CTSIUSDT': 126.0, 'ATOMUSDT': -2.0, 'CELRUSDT': 967.0}
2025-05-28 10:50:57,827 - TradingBot - INFO - 开始第 29 轮调仓...
2025-05-28 10:50:57,954 - TradingBot - INFO - 第 29 轮开始时可用余额: 48.89136545
2025-05-28 10:50:58,170 - TradingBot - INFO - 获取到 0 个非零持仓
2025-05-28 10:50:58,170 - TradingBot - INFO - 第 29 轮完成，剩余需求: {'YFIUSDT': 0.002, 'FUNUSDT': -2439.0, 'CHRUSDT': 93.0, 'AERGOUSDT': -59.0, 'GHSTUSDT': -21.0, 'NMRUSDT': -1.1, 'GASUSDT': 2.9, 'COMPUSDT': 0.222, 'KAVAUSDT': -21.9, 'CTKUSDT': 26.0, 'BNBUSDT': -0.01, 'CTSIUSDT': 126.0, 'ATOMUSDT': -2.0, 'CELRUSDT': 967.0}
2025-05-28 10:50:58,170 - TradingBot - INFO - 开始第 30 轮调仓...
2025-05-28 10:50:58,287 - TradingBot - INFO - 第 30 轮开始时可用余额: 48.89136545
2025-05-28 10:50:58,501 - TradingBot - INFO - 获取到 0 个非零持仓
2025-05-28 10:50:58,501 - TradingBot - INFO - 第 30 轮完成，剩余需求: {'YFIUSDT': 0.002, 'FUNUSDT': -2439.0, 'CHRUSDT': 93.0, 'AERGOUSDT': -59.0, 'GHSTUSDT': -21.0, 'NMRUSDT': -1.1, 'GASUSDT': 2.9, 'COMPUSDT': 0.222, 'KAVAUSDT': -21.9, 'CTKUSDT': 26.0, 'BNBUSDT': -0.01, 'CTSIUSDT': 126.0, 'ATOMUSDT': -2.0, 'CELRUSDT': 967.0}
2025-05-28 10:50:58,501 - TradingBot - INFO - 开始第 31 轮调仓...
2025-05-28 10:50:58,622 - TradingBot - INFO - 第 31 轮开始时可用余额: 48.89136545
2025-05-28 10:50:58,842 - TradingBot - INFO - 获取到 0 个非零持仓
2025-05-28 10:50:58,842 - TradingBot - INFO - 第 31 轮完成，剩余需求: {'YFIUSDT': 0.002, 'FUNUSDT': -2439.0, 'CHRUSDT': 93.0, 'AERGOUSDT': -59.0, 'GHSTUSDT': -21.0, 'NMRUSDT': -1.1, 'GASUSDT': 2.9, 'COMPUSDT': 0.222, 'KAVAUSDT': -21.9, 'CTKUSDT': 26.0, 'BNBUSDT': -0.01, 'CTSIUSDT': 126.0, 'ATOMUSDT': -2.0, 'CELRUSDT': 967.0}
2025-05-28 10:50:58,842 - TradingBot - INFO - 开始第 32 轮调仓...
2025-05-28 10:50:58,961 - TradingBot - INFO - 第 32 轮开始时可用余额: 48.89136545
2025-05-28 10:50:59,188 - TradingBot - INFO - 获取到 0 个非零持仓
2025-05-28 10:50:59,188 - TradingBot - INFO - 第 32 轮完成，剩余需求: {'YFIUSDT': 0.002, 'FUNUSDT': -2439.0, 'CHRUSDT': 93.0, 'AERGOUSDT': -59.0, 'GHSTUSDT': -21.0, 'NMRUSDT': -1.1, 'GASUSDT': 2.9, 'COMPUSDT': 0.222, 'KAVAUSDT': -21.9, 'CTKUSDT': 26.0, 'BNBUSDT': -0.01, 'CTSIUSDT': 126.0, 'ATOMUSDT': -2.0, 'CELRUSDT': 967.0}
2025-05-28 10:50:59,188 - TradingBot - INFO - 开始第 33 轮调仓...
2025-05-28 10:50:59,312 - TradingBot - INFO - 第 33 轮开始时可用余额: 48.89136545
2025-05-28 10:50:59,545 - TradingBot - INFO - 获取到 0 个非零持仓
2025-05-28 10:50:59,545 - TradingBot - INFO - 第 33 轮完成，剩余需求: {'YFIUSDT': 0.002, 'FUNUSDT': -2439.0, 'CHRUSDT': 93.0, 'AERGOUSDT': -59.0, 'GHSTUSDT': -21.0, 'NMRUSDT': -1.1, 'GASUSDT': 2.9, 'COMPUSDT': 0.222, 'KAVAUSDT': -21.9, 'CTKUSDT': 26.0, 'BNBUSDT': -0.01, 'CTSIUSDT': 126.0, 'ATOMUSDT': -2.0, 'CELRUSDT': 967.0}
2025-05-28 10:50:59,545 - TradingBot - INFO - 开始第 34 轮调仓...
2025-05-28 10:50:59,674 - TradingBot - INFO - 第 34 轮开始时可用余额: 48.89136545
2025-05-28 10:50:59,895 - TradingBot - INFO - 获取到 0 个非零持仓
2025-05-28 10:50:59,895 - TradingBot - INFO - 第 34 轮完成，剩余需求: {'YFIUSDT': 0.002, 'FUNUSDT': -2439.0, 'CHRUSDT': 93.0, 'AERGOUSDT': -59.0, 'GHSTUSDT': -21.0, 'NMRUSDT': -1.1, 'GASUSDT': 2.9, 'COMPUSDT': 0.222, 'KAVAUSDT': -21.9, 'CTKUSDT': 26.0, 'BNBUSDT': -0.01, 'CTSIUSDT': 126.0, 'ATOMUSDT': -2.0, 'CELRUSDT': 967.0}
2025-05-28 10:50:59,895 - TradingBot - INFO - 开始第 35 轮调仓...
2025-05-28 10:51:00,015 - TradingBot - INFO - 第 35 轮开始时可用余额: 48.89136545
2025-05-28 10:51:00,239 - TradingBot - INFO - 获取到 0 个非零持仓
2025-05-28 10:51:00,240 - TradingBot - INFO - 第 35 轮完成，剩余需求: {'YFIUSDT': 0.002, 'FUNUSDT': -2439.0, 'CHRUSDT': 93.0, 'AERGOUSDT': -59.0, 'GHSTUSDT': -21.0, 'NMRUSDT': -1.1, 'GASUSDT': 2.9, 'COMPUSDT': 0.222, 'KAVAUSDT': -21.9, 'CTKUSDT': 26.0, 'BNBUSDT': -0.01, 'CTSIUSDT': 126.0, 'ATOMUSDT': -2.0, 'CELRUSDT': 967.0}
2025-05-28 10:51:00,240 - TradingBot - INFO - 开始第 36 轮调仓...
2025-05-28 10:51:00,361 - TradingBot - INFO - 第 36 轮开始时可用余额: 48.89136545
2025-05-28 10:51:00,580 - TradingBot - INFO - 获取到 0 个非零持仓
2025-05-28 10:51:00,580 - TradingBot - INFO - 第 36 轮完成，剩余需求: {'YFIUSDT': 0.002, 'FUNUSDT': -2439.0, 'CHRUSDT': 93.0, 'AERGOUSDT': -59.0, 'GHSTUSDT': -21.0, 'NMRUSDT': -1.1, 'GASUSDT': 2.9, 'COMPUSDT': 0.222, 'KAVAUSDT': -21.9, 'CTKUSDT': 26.0, 'BNBUSDT': -0.01, 'CTSIUSDT': 126.0, 'ATOMUSDT': -2.0, 'CELRUSDT': 967.0}
2025-05-28 10:51:00,580 - TradingBot - INFO - 开始第 37 轮调仓...
2025-05-28 10:51:00,735 - TradingBot - INFO - 第 37 轮开始时可用余额: 48.89136545
2025-05-28 10:51:00,961 - TradingBot - INFO - 获取到 0 个非零持仓
2025-05-28 10:51:00,962 - TradingBot - INFO - 第 37 轮完成，剩余需求: {'YFIUSDT': 0.002, 'FUNUSDT': -2439.0, 'CHRUSDT': 93.0, 'AERGOUSDT': -59.0, 'GHSTUSDT': -21.0, 'NMRUSDT': -1.1, 'GASUSDT': 2.9, 'COMPUSDT': 0.222, 'KAVAUSDT': -21.9, 'CTKUSDT': 26.0, 'BNBUSDT': -0.01, 'CTSIUSDT': 126.0, 'ATOMUSDT': -2.0, 'CELRUSDT': 967.0}
2025-05-28 10:51:00,962 - TradingBot - INFO - 开始第 38 轮调仓...
2025-05-28 10:51:01,084 - TradingBot - INFO - 第 38 轮开始时可用余额: 48.89136545
2025-05-28 10:51:01,313 - TradingBot - INFO - 获取到 0 个非零持仓
2025-05-28 10:51:01,313 - TradingBot - INFO - 第 38 轮完成，剩余需求: {'YFIUSDT': 0.002, 'FUNUSDT': -2439.0, 'CHRUSDT': 93.0, 'AERGOUSDT': -59.0, 'GHSTUSDT': -21.0, 'NMRUSDT': -1.1, 'GASUSDT': 2.9, 'COMPUSDT': 0.222, 'KAVAUSDT': -21.9, 'CTKUSDT': 26.0, 'BNBUSDT': -0.01, 'CTSIUSDT': 126.0, 'ATOMUSDT': -2.0, 'CELRUSDT': 967.0}
2025-05-28 10:51:01,313 - TradingBot - INFO - 开始第 39 轮调仓...
2025-05-28 10:51:01,436 - TradingBot - INFO - 第 39 轮开始时可用余额: 48.89136545
2025-05-28 10:51:01,680 - TradingBot - INFO - 获取到 0 个非零持仓
2025-05-28 10:51:01,680 - TradingBot - INFO - 第 39 轮完成，剩余需求: {'YFIUSDT': 0.002, 'FUNUSDT': -2439.0, 'CHRUSDT': 93.0, 'AERGOUSDT': -59.0, 'GHSTUSDT': -21.0, 'NMRUSDT': -1.1, 'GASUSDT': 2.9, 'COMPUSDT': 0.222, 'KAVAUSDT': -21.9, 'CTKUSDT': 26.0, 'BNBUSDT': -0.01, 'CTSIUSDT': 126.0, 'ATOMUSDT': -2.0, 'CELRUSDT': 967.0}
2025-05-28 10:51:01,681 - TradingBot - INFO - 开始第 40 轮调仓...
2025-05-28 10:51:01,823 - TradingBot - INFO - 第 40 轮开始时可用余额: 48.89136545
2025-05-28 10:51:02,045 - TradingBot - INFO - 获取到 0 个非零持仓
2025-05-28 10:51:02,045 - TradingBot - INFO - 第 40 轮完成，剩余需求: {'YFIUSDT': 0.002, 'FUNUSDT': -2439.0, 'CHRUSDT': 93.0, 'AERGOUSDT': -59.0, 'GHSTUSDT': -21.0, 'NMRUSDT': -1.1, 'GASUSDT': 2.9, 'COMPUSDT': 0.222, 'KAVAUSDT': -21.9, 'CTKUSDT': 26.0, 'BNBUSDT': -0.01, 'CTSIUSDT': 126.0, 'ATOMUSDT': -2.0, 'CELRUSDT': 967.0}
2025-05-28 10:51:02,045 - TradingBot - INFO - 开始第 41 轮调仓...
2025-05-28 10:51:02,167 - TradingBot - INFO - 第 41 轮开始时可用余额: 48.89136545
2025-05-28 10:51:02,395 - TradingBot - INFO - 获取到 0 个非零持仓
2025-05-28 10:51:02,396 - TradingBot - INFO - 第 41 轮完成，剩余需求: {'YFIUSDT': 0.002, 'FUNUSDT': -2439.0, 'CHRUSDT': 93.0, 'AERGOUSDT': -59.0, 'GHSTUSDT': -21.0, 'NMRUSDT': -1.1, 'GASUSDT': 2.9, 'COMPUSDT': 0.222, 'KAVAUSDT': -21.9, 'CTKUSDT': 26.0, 'BNBUSDT': -0.01, 'CTSIUSDT': 126.0, 'ATOMUSDT': -2.0, 'CELRUSDT': 967.0}
2025-05-28 10:51:02,396 - TradingBot - INFO - 开始第 42 轮调仓...
2025-05-28 10:51:02,526 - TradingBot - INFO - 第 42 轮开始时可用余额: 48.89136545
2025-05-28 10:51:02,754 - TradingBot - INFO - 获取到 0 个非零持仓
2025-05-28 10:51:02,754 - TradingBot - INFO - 第 42 轮完成，剩余需求: {'YFIUSDT': 0.002, 'FUNUSDT': -2439.0, 'CHRUSDT': 93.0, 'AERGOUSDT': -59.0, 'GHSTUSDT': -21.0, 'NMRUSDT': -1.1, 'GASUSDT': 2.9, 'COMPUSDT': 0.222, 'KAVAUSDT': -21.9, 'CTKUSDT': 26.0, 'BNBUSDT': -0.01, 'CTSIUSDT': 126.0, 'ATOMUSDT': -2.0, 'CELRUSDT': 967.0}
2025-05-28 10:51:02,754 - TradingBot - INFO - 开始第 43 轮调仓...
2025-05-28 10:51:02,876 - TradingBot - INFO - 第 43 轮开始时可用余额: 48.89136545
2025-05-28 10:51:03,104 - TradingBot - INFO - 获取到 0 个非零持仓
2025-05-28 10:51:03,104 - TradingBot - INFO - 第 43 轮完成，剩余需求: {'YFIUSDT': 0.002, 'FUNUSDT': -2439.0, 'CHRUSDT': 93.0, 'AERGOUSDT': -59.0, 'GHSTUSDT': -21.0, 'NMRUSDT': -1.1, 'GASUSDT': 2.9, 'COMPUSDT': 0.222, 'KAVAUSDT': -21.9, 'CTKUSDT': 26.0, 'BNBUSDT': -0.01, 'CTSIUSDT': 126.0, 'ATOMUSDT': -2.0, 'CELRUSDT': 967.0}
2025-05-28 10:51:03,104 - TradingBot - INFO - 开始第 44 轮调仓...
2025-05-28 10:51:03,218 - TradingBot - INFO - 第 44 轮开始时可用余额: 48.89136545
2025-05-28 10:51:03,437 - TradingBot - INFO - 获取到 0 个非零持仓
2025-05-28 10:51:03,437 - TradingBot - INFO - 第 44 轮完成，剩余需求: {'YFIUSDT': 0.002, 'FUNUSDT': -2439.0, 'CHRUSDT': 93.0, 'AERGOUSDT': -59.0, 'GHSTUSDT': -21.0, 'NMRUSDT': -1.1, 'GASUSDT': 2.9, 'COMPUSDT': 0.222, 'KAVAUSDT': -21.9, 'CTKUSDT': 26.0, 'BNBUSDT': -0.01, 'CTSIUSDT': 126.0, 'ATOMUSDT': -2.0, 'CELRUSDT': 967.0}
2025-05-28 10:51:03,437 - TradingBot - INFO - 开始第 45 轮调仓...
2025-05-28 10:51:03,555 - TradingBot - INFO - 第 45 轮开始时可用余额: 48.89136545
2025-05-28 10:51:03,782 - TradingBot - INFO - 获取到 0 个非零持仓
2025-05-28 10:51:03,782 - TradingBot - INFO - 第 45 轮完成，剩余需求: {'YFIUSDT': 0.002, 'FUNUSDT': -2439.0, 'CHRUSDT': 93.0, 'AERGOUSDT': -59.0, 'GHSTUSDT': -21.0, 'NMRUSDT': -1.1, 'GASUSDT': 2.9, 'COMPUSDT': 0.222, 'KAVAUSDT': -21.9, 'CTKUSDT': 26.0, 'BNBUSDT': -0.01, 'CTSIUSDT': 126.0, 'ATOMUSDT': -2.0, 'CELRUSDT': 967.0}
2025-05-28 10:51:03,782 - TradingBot - INFO - 开始第 46 轮调仓...
2025-05-28 10:51:03,903 - TradingBot - INFO - 第 46 轮开始时可用余额: 48.89136545
2025-05-28 10:51:04,127 - TradingBot - INFO - 获取到 0 个非零持仓
2025-05-28 10:51:04,127 - TradingBot - INFO - 第 46 轮完成，剩余需求: {'YFIUSDT': 0.002, 'FUNUSDT': -2439.0, 'CHRUSDT': 93.0, 'AERGOUSDT': -59.0, 'GHSTUSDT': -21.0, 'NMRUSDT': -1.1, 'GASUSDT': 2.9, 'COMPUSDT': 0.222, 'KAVAUSDT': -21.9, 'CTKUSDT': 26.0, 'BNBUSDT': -0.01, 'CTSIUSDT': 126.0, 'ATOMUSDT': -2.0, 'CELRUSDT': 967.0}
2025-05-28 10:51:04,127 - TradingBot - INFO - 开始第 47 轮调仓...
2025-05-28 10:51:04,252 - TradingBot - INFO - 第 47 轮开始时可用余额: 48.89136545
2025-05-28 10:51:04,471 - TradingBot - INFO - 获取到 0 个非零持仓
2025-05-28 10:51:04,471 - TradingBot - INFO - 第 47 轮完成，剩余需求: {'YFIUSDT': 0.002, 'FUNUSDT': -2439.0, 'CHRUSDT': 93.0, 'AERGOUSDT': -59.0, 'GHSTUSDT': -21.0, 'NMRUSDT': -1.1, 'GASUSDT': 2.9, 'COMPUSDT': 0.222, 'KAVAUSDT': -21.9, 'CTKUSDT': 26.0, 'BNBUSDT': -0.01, 'CTSIUSDT': 126.0, 'ATOMUSDT': -2.0, 'CELRUSDT': 967.0}
2025-05-28 10:51:04,471 - TradingBot - INFO - 开始第 48 轮调仓...
2025-05-28 10:51:04,591 - TradingBot - INFO - 第 48 轮开始时可用余额: 48.89136545
2025-05-28 10:51:04,826 - TradingBot - INFO - 获取到 0 个非零持仓
2025-05-28 10:51:04,826 - TradingBot - INFO - 第 48 轮完成，剩余需求: {'YFIUSDT': 0.002, 'FUNUSDT': -2439.0, 'CHRUSDT': 93.0, 'AERGOUSDT': -59.0, 'GHSTUSDT': -21.0, 'NMRUSDT': -1.1, 'GASUSDT': 2.9, 'COMPUSDT': 0.222, 'KAVAUSDT': -21.9, 'CTKUSDT': 26.0, 'BNBUSDT': -0.01, 'CTSIUSDT': 126.0, 'ATOMUSDT': -2.0, 'CELRUSDT': 967.0}
2025-05-28 10:51:04,826 - TradingBot - INFO - 开始第 49 轮调仓...
2025-05-28 10:51:04,946 - TradingBot - INFO - 第 49 轮开始时可用余额: 48.89136545
2025-05-28 10:51:05,168 - TradingBot - INFO - 获取到 0 个非零持仓
2025-05-28 10:51:05,168 - TradingBot - INFO - 第 49 轮完成，剩余需求: {'YFIUSDT': 0.002, 'FUNUSDT': -2439.0, 'CHRUSDT': 93.0, 'AERGOUSDT': -59.0, 'GHSTUSDT': -21.0, 'NMRUSDT': -1.1, 'GASUSDT': 2.9, 'COMPUSDT': 0.222, 'KAVAUSDT': -21.9, 'CTKUSDT': 26.0, 'BNBUSDT': -0.01, 'CTSIUSDT': 126.0, 'ATOMUSDT': -2.0, 'CELRUSDT': 967.0}
2025-05-28 10:51:05,168 - TradingBot - INFO - 开始第 50 轮调仓...
2025-05-28 10:51:05,346 - TradingBot - INFO - 第 50 轮开始时可用余额: 48.89136545
2025-05-28 10:51:05,603 - TradingBot - INFO - 获取到 0 个非零持仓
2025-05-28 10:51:05,603 - TradingBot - INFO - 第 50 轮完成，剩余需求: {'YFIUSDT': 0.002, 'FUNUSDT': -2439.0, 'CHRUSDT': 93.0, 'AERGOUSDT': -59.0, 'GHSTUSDT': -21.0, 'NMRUSDT': -1.1, 'GASUSDT': 2.9, 'COMPUSDT': 0.222, 'KAVAUSDT': -21.9, 'CTKUSDT': 26.0, 'BNBUSDT': -0.01, 'CTSIUSDT': 126.0, 'ATOMUSDT': -2.0, 'CELRUSDT': 967.0}
2025-05-28 10:51:05,603 - TradingBot - INFO - 开始第 51 轮调仓...
2025-05-28 10:51:05,735 - TradingBot - INFO - 第 51 轮开始时可用余额: 48.89136545
2025-05-28 10:51:05,966 - TradingBot - INFO - 获取到 0 个非零持仓
2025-05-28 10:51:05,966 - TradingBot - INFO - 第 51 轮完成，剩余需求: {'YFIUSDT': 0.002, 'FUNUSDT': -2439.0, 'CHRUSDT': 93.0, 'AERGOUSDT': -59.0, 'GHSTUSDT': -21.0, 'NMRUSDT': -1.1, 'GASUSDT': 2.9, 'COMPUSDT': 0.222, 'KAVAUSDT': -21.9, 'CTKUSDT': 26.0, 'BNBUSDT': -0.01, 'CTSIUSDT': 126.0, 'ATOMUSDT': -2.0, 'CELRUSDT': 967.0}
2025-05-28 10:51:05,966 - TradingBot - INFO - 开始第 52 轮调仓...
2025-05-28 10:51:06,091 - TradingBot - INFO - 第 52 轮开始时可用余额: 48.89136545
2025-05-28 10:51:06,317 - TradingBot - INFO - 获取到 0 个非零持仓
2025-05-28 10:51:06,317 - TradingBot - INFO - 第 52 轮完成，剩余需求: {'YFIUSDT': 0.002, 'FUNUSDT': -2439.0, 'CHRUSDT': 93.0, 'AERGOUSDT': -59.0, 'GHSTUSDT': -21.0, 'NMRUSDT': -1.1, 'GASUSDT': 2.9, 'COMPUSDT': 0.222, 'KAVAUSDT': -21.9, 'CTKUSDT': 26.0, 'BNBUSDT': -0.01, 'CTSIUSDT': 126.0, 'ATOMUSDT': -2.0, 'CELRUSDT': 967.0}
2025-05-28 10:51:06,317 - TradingBot - INFO - 开始第 53 轮调仓...
2025-05-28 10:51:06,440 - TradingBot - INFO - 第 53 轮开始时可用余额: 48.89136545
2025-05-28 10:51:06,715 - TradingBot - INFO - 获取到 0 个非零持仓
2025-05-28 10:51:06,715 - TradingBot - INFO - 第 53 轮完成，剩余需求: {'YFIUSDT': 0.002, 'FUNUSDT': -2439.0, 'CHRUSDT': 93.0, 'AERGOUSDT': -59.0, 'GHSTUSDT': -21.0, 'NMRUSDT': -1.1, 'GASUSDT': 2.9, 'COMPUSDT': 0.222, 'KAVAUSDT': -21.9, 'CTKUSDT': 26.0, 'BNBUSDT': -0.01, 'CTSIUSDT': 126.0, 'ATOMUSDT': -2.0, 'CELRUSDT': 967.0}
2025-05-28 10:51:06,715 - TradingBot - INFO - 开始第 54 轮调仓...
