D:\anaconda\python.exe D:\sam_bnb_futures_limit_order\main_sam_new.py
2025-06-01 18:59:29,784 - TradingBot - INFO - 日志初始化成功，当前日志文件: logs\trading_2025-06-01.log
2025-06-01 18:59:29,784 - TradingBot - INFO - 交易程序启动，进入日内多次换仓模式
2025-06-01 18:59:30,068 - TradingBot - INFO - Binance 客户端初始化成功，测试网络: False
2025-06-01 18:59:30,399 - TradingBot - INFO - 所有交易对已是全仓模式 (CROSSED)，无需修改
2025-06-01 18:59:30,517 - TradingBot - INFO - 账户已是单币种模式 (Single)，无需修改
2025-06-01 18:59:30,666 - TradingBot - INFO - 账户已是单向模式 (One-way)，无需修改
2025-06-01 18:59:31,068 - TradingBot - INFO - 检查 20250601 的文件或邮件，Run_ID: 2025-06-01_185931
2025-06-01 18:59:31,068 - TradingBot - INFO - 检查本地文件: data/pos20250601_v3.csv
2025-06-01 18:59:31,068 - TradingBot - INFO - 本地找到文件 data/pos20250601_v3.csv，哈希: 2fd5f461de1ee0e3813c1573e05a1290，未处理，直接使用
2025-06-01 18:59:31,068 - TradingBot - INFO - 处理 20250601 的pos文件，Run_ID: 2025-06-01_185931
2025-06-01 18:59:31,068 - TradingBot - INFO - 🚀 开始执行交易引擎 | Date: 20250601 | RunID: 2025-06-01_185931
2025-06-01 18:59:31,187 - TradingBot - INFO - 当前没有未成交的挂单
2025-06-01 18:59:31,190 - TradingBot - INFO - 📋 黑名单过滤结果
├─ 被过滤币种 (7个): BADGERUSDT, BALUSDT, LINAUSDT, NULSUSDT, SNTUSDT, TROYUSDT, VIDTUSDT
└─ 剩余候选池: 166/173
2025-06-01 18:59:31,195 - TradingBot - INFO - 🔍 有效候选列表
├─ 多头候选: 85个
└─ 空头候选: 81个
2025-06-01 18:59:31,469 - TradingBot - INFO - =====账户信息获取成功: totalMarginBalance = 48.96023202, available_balance = 9.10541763=====
2025-06-01 18:59:31,469 - TradingBot - INFO - 每笔交易资金份额: per_share=3.1400165728571428
2025-06-01 18:59:31,590 - TradingBot - INFO - 获取到 14 个非零持仓
2025-06-01 18:59:31,590 - TradingBot - INFO - 当前持仓: {'LRCUSDT': 103.0, 'FILUSDT': -3.5, 'DENTUSDT': 12142.0, 'ONGUSDT': 49.0, 'SXPUSDT': 50.1, 'XMRUSDT': -0.028, 'ARKUSDT': -24.0, 'AERGOUSDT': -60.0, 'BELUSDT': -30.0, 'SFPUSDT': 18.0, 'RLCUSDT': 8.7, 'DFUSDT': -177.0, 'CTKUSDT': -28.0, 'SUNUSDT': 484.0}, 是否第一天: False
2025-06-01 18:59:31,786 - TradingBot - INFO - 交易所信息获取成功
2025-06-01 18:59:32,297 - TradingBot - INFO - RLCUSDT 数量调整: 9.551865461946289 -> 9.6, 最小值: 0.1, 最大值: 1000000.0, 名义价值=9.467519999999999, 真实保证金=3.155840, 数量精度=1
2025-06-01 18:59:32,298 - TradingBot - INFO - 添加多头目标: RLCUSDT, 数量=9.6
2025-06-01 18:59:32,729 - TradingBot - INFO - DENTUSDT 数量调整: 13495.773235775685 -> 13496.0, 最小值: 1.0, 最大值: 500000000.0, 名义价值=9.420208, 真实保证金=3.140069, 数量精度=0
2025-06-01 18:59:32,730 - TradingBot - INFO - 添加多头目标: DENTUSDT, 数量=13496.0
2025-06-01 18:59:33,160 - TradingBot - INFO - ONGUSDT 数量调整: 53.68467383923992 -> 54.0, 最小值: 1.0, 最大值: 1000000.0, 名义价值=9.47538, 真实保证金=3.158460, 数量精度=0
2025-06-01 18:59:33,162 - TradingBot - INFO - 添加多头目标: ONGUSDT, 数量=54.0
2025-06-01 18:59:33,589 - TradingBot - INFO - SFPUSDT 数量调整: 19.78586372310739 -> 20.0, 最小值: 1.0, 最大值: 5000000.0, 名义价值=9.522, 真实保证金=3.174000, 数量精度=0
2025-06-01 18:59:33,590 - TradingBot - INFO - 添加多头目标: SFPUSDT, 数量=20.0
2025-06-01 18:59:34,029 - TradingBot - INFO - LRCUSDT 数量调整: 110.0473097963952 -> 110.0, 最小值: 1.0, 最大值: 10000000.0, 名义价值=9.416, 真实保证金=3.138667, 数量精度=0
2025-06-01 18:59:34,030 - TradingBot - INFO - 添加多头目标: LRCUSDT, 数量=110.0
2025-06-01 18:59:34,479 - TradingBot - INFO - SUNUSDT 数量调整: 503.71903740823643 -> 504.0, 最小值: 1.0, 最大值: 50000000.0, 名义价值=9.425303999999999, 真实保证金=3.141768, 数量精度=0
2025-06-01 18:59:34,480 - TradingBot - INFO - 添加多头目标: SUNUSDT, 数量=504.0
2025-06-01 18:59:34,919 - TradingBot - INFO - SXPUSDT 数量调整: 54.99153367525644 -> 55.0, 最小值: 0.1, 最大值: 1000000.0, 名义价值=9.4215, 真实保证金=3.140500, 数量精度=1
2025-06-01 18:59:34,920 - TradingBot - INFO - 添加多头目标: SXPUSDT, 数量=55.0
2025-06-01 18:59:35,353 - TradingBot - INFO - ARKUSDT 数量调整: 26.203198104510236 -> 26.0, 最小值: 1.0, 最大值: 10000000.0, 名义价值=9.347, 真实保证金=3.115667, 数量精度=0
2025-06-01 18:59:35,357 - TradingBot - INFO - 添加空头目标: ARKUSDT, 数量=-26.0
2025-06-01 18:59:35,357 - TradingBot - WARNING - 交易对 FTTUSDT 不可交易，跳过
2025-06-01 18:59:35,357 - TradingBot - WARNING - 交易对 XEMUSDT 不可交易，跳过
2025-06-01 18:59:35,357 - TradingBot - WARNING - 交易对 STPTUSDT 不可交易，跳过
2025-06-01 18:59:35,789 - TradingBot - INFO - CTKUSDT 数量调整: 30.182793074564014 -> 30.0, 最小值: 1.0, 最大值: 2500000.0, 名义价值=9.363, 真实保证金=3.121000, 数量精度=0
2025-06-01 18:59:35,790 - TradingBot - INFO - 添加空头目标: CTKUSDT, 数量=-30.0
2025-06-01 18:59:35,790 - TradingBot - WARNING - 交易对 BLZUSDT 不可交易，跳过
2025-06-01 18:59:35,790 - TradingBot - WARNING - 交易对 AMBUSDT 不可交易，跳过
2025-06-01 18:59:36,376 - TradingBot - INFO - AERGOUSDT 数量调整: 79.08033679123093 -> 79.0, 最小值: 1.0, 最大值: 4000000.0, 名义价值=9.41048, 真实保证金=3.136827, 数量精度=0
2025-06-01 18:59:36,376 - TradingBot - INFO - 添加空头目标: AERGOUSDT, 数量=-79.0
2025-06-01 18:59:36,376 - TradingBot - WARNING - 交易对 UNFIUSDT 不可交易，跳过
2025-06-01 18:59:36,376 - TradingBot - WARNING - 交易对 FTMUSDT 不可交易，跳过
2025-06-01 18:59:36,377 - TradingBot - WARNING - 交易对 STRAXUSDT 不可交易，跳过
2025-06-01 18:59:36,377 - TradingBot - WARNING - 交易对 WAVESUSDT 不可交易，跳过
2025-06-01 18:59:36,808 - TradingBot - INFO - DFUSDT 数量调整: 209.38096729431936 -> 209.0, 最小值: 1.0, 最大值: 5000000.0, 名义价值=9.40291, 真实保证金=3.134303, 数量精度=0
2025-06-01 18:59:36,809 - TradingBot - INFO - 添加空头目标: DFUSDT, 数量=-209.0
2025-06-01 18:59:37,675 - TradingBot - WARNING - BCHUSDT 数量调整为 0 (因名义价值 9.555840000000002 小于最小值 20.0)
2025-06-01 18:59:37,676 - TradingBot - INFO - BCHUSDT 数量调整: 0.023658955491690347 -> 0, 最小值: 0.001, 最大值: 10000.0, 名义价值=0.0, 真实保证金=0.000000, 数量精度=3
2025-06-01 18:59:37,676 - TradingBot - WARNING - BCHUSDT 数量调整为 0，跳过
2025-06-01 18:59:38,260 - TradingBot - INFO - BELUSDT 数量调整: 33.87288643858838 -> 34.0, 最小值: 1.0, 最大值: 10000000.0, 名义价值=9.455400000000001, 真实保证金=3.151800, 数量精度=0
2025-06-01 18:59:38,260 - TradingBot - INFO - 添加空头目标: BELUSDT, 数量=-34.0
2025-06-01 18:59:38,260 - TradingBot - WARNING - 交易对 MDTUSDT 不可交易，跳过
2025-06-01 18:59:38,261 - TradingBot - WARNING - 交易对 SCUSDT 不可交易，跳过
2025-06-01 18:59:38,261 - TradingBot - WARNING - 交易对 RENUSDT 不可交易，跳过
2025-06-01 18:59:38,691 - TradingBot - INFO - FILUSDT 数量调整: 3.7218687153581302 -> 3.7, 最小值: 0.1, 最大值: 10000000.0, 名义价值=9.364700000000001, 真实保证金=3.121567, 数量精度=1
2025-06-01 18:59:38,691 - TradingBot - INFO - 添加空头目标: FILUSDT, 数量=-3.7
2025-06-01 18:59:39,162 - TradingBot - WARNING - LTCUSDT 数量调整为 0 (因名义价值 9.42741 小于最小值 20.0)
2025-06-01 18:59:39,162 - TradingBot - INFO - LTCUSDT 数量调整: 0.1089149002031614 -> 0, 最小值: 0.001, 最大值: 10000.0, 名义价值=0.0, 真实保证金=0.000000, 数量精度=3
2025-06-01 18:59:39,163 - TradingBot - WARNING - LTCUSDT 数量调整为 0，跳过
2025-06-01 18:59:39,589 - TradingBot - INFO - XMRUSDT 数量调整: 0.028866637203356815 -> 0.029, 最小值: 0.001, 最大值: 10000.0, 名义价值=9.46357, 真实保证金=3.154523, 数量精度=3
2025-06-01 18:59:39,590 - TradingBot - INFO - 添加空头目标: XMRUSDT, 数量=-0.029
2025-06-01 18:59:39,590 - TradingBot - INFO - 初始化目标持仓: {'RLCUSDT': 9.6, 'DENTUSDT': 13496.0, 'ONGUSDT': 54.0, 'SFPUSDT': 20.0, 'LRCUSDT': 110.0, 'SUNUSDT': 504.0, 'SXPUSDT': 55.0, 'ARKUSDT': -26.0, 'CTKUSDT': -30.0, 'AERGOUSDT': -79.0, 'DFUSDT': -209.0, 'BELUSDT': -34.0, 'FILUSDT': -3.7, 'XMRUSDT': -0.029}
2025-06-01 18:59:39,707 - TradingBot - INFO - 获取到 14 个非零持仓
2025-06-01 18:59:39,708 - TradingBot - INFO - ==================== 开始持续限价单调仓 ====================
2025-06-01 18:59:39,708 - TradingBot - INFO - 开始第 1 轮调仓...
2025-06-01 18:59:39,839 - TradingBot - INFO - 第 1 轮开始时可用余额: 9.11315545
2025-06-01 18:59:39,962 - TradingBot - INFO - 第 1 轮开仓前可用余额: 9.11315545, 开仓需求: {'ARKUSDT': -2.0, 'AERGOUSDT': -19.0, 'SFPUSDT': 2.0, 'SXPUSDT': 4.899999999999999, 'SUNUSDT': 20.0, 'DFUSDT': -32.0, 'LRCUSDT': 7.0, 'RLCUSDT': 0.9000000000000004, 'FILUSDT': -0.20000000000000018, 'DENTUSDT': 1354.0, 'BELUSDT': -4.0, 'XMRUSDT': -0.0010000000000000009, 'ONGUSDT': 5.0, 'CTKUSDT': -2.0}
2025-06-01 18:59:39,962 - TradingBot - INFO - 第 1 轮: 处理开仓 ARKUSDT SELL, 需求数量=-2.0
2025-06-01 18:59:40,392 - TradingBot - WARNING - ARKUSDT 数量调整为 0 (因名义价值 0.7192000000000001 小于最小值 5.0)
2025-06-01 18:59:40,392 - TradingBot - INFO - ARKUSDT 数量调整: 2.0 -> 0, 最小值: 1.0, 最大值: 10000000.0, 名义价值=0.0, 真实保证金=0.000000, 数量精度=0
2025-06-01 18:59:40,393 - TradingBot - INFO - 第 1 轮: ARKUSDT 开仓调整后数量=0, is_reverse_open=False
2025-06-01 18:59:40,393 - TradingBot - WARNING - 第 1 轮: ARKUSDT 调整数量为 0，跳过
2025-06-01 18:59:40,393 - TradingBot - INFO - 第 1 轮: 处理开仓 AERGOUSDT SELL, 需求数量=-19.0
2025-06-01 18:59:40,834 - TradingBot - WARNING - AERGOUSDT 数量调整为 0 (因名义价值 2.2648 小于最小值 5.0)
2025-06-01 18:59:40,834 - TradingBot - INFO - AERGOUSDT 数量调整: 19.0 -> 0, 最小值: 1.0, 最大值: 4000000.0, 名义价值=0.0, 真实保证金=0.000000, 数量精度=0
2025-06-01 18:59:40,835 - TradingBot - INFO - 第 1 轮: AERGOUSDT 开仓调整后数量=0, is_reverse_open=False
2025-06-01 18:59:40,835 - TradingBot - WARNING - 第 1 轮: AERGOUSDT 调整数量为 0，跳过
2025-06-01 18:59:40,835 - TradingBot - INFO - 第 1 轮: 处理开仓 SFPUSDT BUY, 需求数量=2.0
2025-06-01 18:59:41,263 - TradingBot - WARNING - SFPUSDT 数量调整为 0 (因名义价值 0.9524 小于最小值 5.0)
2025-06-01 18:59:41,264 - TradingBot - INFO - SFPUSDT 数量调整: 2.0 -> 0, 最小值: 1.0, 最大值: 5000000.0, 名义价值=0.0, 真实保证金=0.000000, 数量精度=0
2025-06-01 18:59:41,264 - TradingBot - INFO - 第 1 轮: SFPUSDT 开仓调整后数量=0, is_reverse_open=False
2025-06-01 18:59:41,264 - TradingBot - WARNING - 第 1 轮: SFPUSDT 调整数量为 0，跳过
2025-06-01 18:59:41,264 - TradingBot - INFO - 第 1 轮: 处理开仓 SXPUSDT BUY, 需求数量=4.899999999999999
2025-06-01 18:59:41,723 - TradingBot - WARNING - SXPUSDT 数量调整为 0 (因名义价值 0.8393700000000001 小于最小值 5.0)
2025-06-01 18:59:41,723 - TradingBot - INFO - SXPUSDT 数量调整: 4.899999999999999 -> 0, 最小值: 0.1, 最大值: 1000000.0, 名义价值=0.0, 真实保证金=0.000000, 数量精度=1
2025-06-01 18:59:41,724 - TradingBot - INFO - 第 1 轮: SXPUSDT 开仓调整后数量=0, is_reverse_open=False
2025-06-01 18:59:41,724 - TradingBot - WARNING - 第 1 轮: SXPUSDT 调整数量为 0，跳过
2025-06-01 18:59:41,724 - TradingBot - INFO - 第 1 轮: 处理开仓 SUNUSDT BUY, 需求数量=20.0
2025-06-01 18:59:42,173 - TradingBot - WARNING - SUNUSDT 数量调整为 0 (因名义价值 0.37399999999999994 小于最小值 5.0)
2025-06-01 18:59:42,173 - TradingBot - INFO - SUNUSDT 数量调整: 20.0 -> 0, 最小值: 1.0, 最大值: 50000000.0, 名义价值=0.0, 真实保证金=0.000000, 数量精度=0
2025-06-01 18:59:42,173 - TradingBot - INFO - 第 1 轮: SUNUSDT 开仓调整后数量=0, is_reverse_open=False
2025-06-01 18:59:42,173 - TradingBot - WARNING - 第 1 轮: SUNUSDT 调整数量为 0，跳过
2025-06-01 18:59:42,173 - TradingBot - INFO - 第 1 轮: 处理开仓 DFUSDT SELL, 需求数量=-32.0
2025-06-01 18:59:42,597 - TradingBot - WARNING - DFUSDT 数量调整为 0 (因名义价值 1.4387200000000002 小于最小值 5.0)
2025-06-01 18:59:42,597 - TradingBot - INFO - DFUSDT 数量调整: 32.0 -> 0, 最小值: 1.0, 最大值: 5000000.0, 名义价值=0.0, 真实保证金=0.000000, 数量精度=0
2025-06-01 18:59:42,599 - TradingBot - INFO - 第 1 轮: DFUSDT 开仓调整后数量=0, is_reverse_open=False
2025-06-01 18:59:42,599 - TradingBot - WARNING - 第 1 轮: DFUSDT 调整数量为 0，跳过
2025-06-01 18:59:42,599 - TradingBot - INFO - 第 1 轮: 处理开仓 LRCUSDT BUY, 需求数量=7.0
2025-06-01 18:59:43,019 - TradingBot - WARNING - LRCUSDT 数量调整为 0 (因名义价值 0.59899 小于最小值 5.0)
2025-06-01 18:59:43,019 - TradingBot - INFO - LRCUSDT 数量调整: 7.0 -> 0, 最小值: 1.0, 最大值: 10000000.0, 名义价值=0.0, 真实保证金=0.000000, 数量精度=0
2025-06-01 18:59:43,019 - TradingBot - INFO - 第 1 轮: LRCUSDT 开仓调整后数量=0, is_reverse_open=False
2025-06-01 18:59:43,019 - TradingBot - WARNING - 第 1 轮: LRCUSDT 调整数量为 0，跳过
2025-06-01 18:59:43,020 - TradingBot - INFO - 第 1 轮: 处理开仓 RLCUSDT BUY, 需求数量=0.9000000000000004
2025-06-01 18:59:43,600 - TradingBot - WARNING - RLCUSDT 数量调整为 0 (因名义价值 0.8874900000000001 小于最小值 5.0)
2025-06-01 18:59:43,600 - TradingBot - INFO - RLCUSDT 数量调整: 0.9000000000000004 -> 0, 最小值: 0.1, 最大值: 1000000.0, 名义价值=0.0, 真实保证金=0.000000, 数量精度=1
2025-06-01 18:59:43,602 - TradingBot - INFO - 第 1 轮: RLCUSDT 开仓调整后数量=0, is_reverse_open=False
2025-06-01 18:59:43,602 - TradingBot - WARNING - 第 1 轮: RLCUSDT 调整数量为 0，跳过
2025-06-01 18:59:43,602 - TradingBot - INFO - 第 1 轮: 处理开仓 FILUSDT SELL, 需求数量=-0.20000000000000018
2025-06-01 18:59:44,100 - TradingBot - WARNING - FILUSDT 数量调整为 0 (因名义价值 0.5064000000000001 小于最小值 5.0)
2025-06-01 18:59:44,101 - TradingBot - INFO - FILUSDT 数量调整: 0.20000000000000018 -> 0, 最小值: 0.1, 最大值: 10000000.0, 名义价值=0.0, 真实保证金=0.000000, 数量精度=1
2025-06-01 18:59:44,102 - TradingBot - INFO - 第 1 轮: FILUSDT 开仓调整后数量=0, is_reverse_open=False
2025-06-01 18:59:44,102 - TradingBot - WARNING - 第 1 轮: FILUSDT 调整数量为 0，跳过
2025-06-01 18:59:44,102 - TradingBot - INFO - 第 1 轮: 处理开仓 DENTUSDT BUY, 需求数量=1354.0
2025-06-01 18:59:44,526 - TradingBot - WARNING - DENTUSDT 数量调整为 0 (因名义价值 0.9437379999999999 小于最小值 5.0)
2025-06-01 18:59:44,527 - TradingBot - INFO - DENTUSDT 数量调整: 1354.0 -> 0, 最小值: 1.0, 最大值: 500000000.0, 名义价值=0.0, 真实保证金=0.000000, 数量精度=0
2025-06-01 18:59:44,527 - TradingBot - INFO - 第 1 轮: DENTUSDT 开仓调整后数量=0, is_reverse_open=False
2025-06-01 18:59:44,528 - TradingBot - WARNING - 第 1 轮: DENTUSDT 调整数量为 0，跳过
2025-06-01 18:59:44,528 - TradingBot - INFO - 第 1 轮: 处理开仓 BELUSDT SELL, 需求数量=-4.0
2025-06-01 18:59:44,961 - TradingBot - WARNING - BELUSDT 数量调整为 0 (因名义价值 1.1124 小于最小值 5.0)
2025-06-01 18:59:44,961 - TradingBot - INFO - BELUSDT 数量调整: 4.0 -> 0, 最小值: 1.0, 最大值: 10000000.0, 名义价值=0.0, 真实保证金=0.000000, 数量精度=0
2025-06-01 18:59:44,961 - TradingBot - INFO - 第 1 轮: BELUSDT 开仓调整后数量=0, is_reverse_open=False
2025-06-01 18:59:44,962 - TradingBot - WARNING - 第 1 轮: BELUSDT 调整数量为 0，跳过
2025-06-01 18:59:44,962 - TradingBot - INFO - 第 1 轮: 处理开仓 XMRUSDT SELL, 需求数量=-0.0010000000000000009
2025-06-01 18:59:45,525 - TradingBot - WARNING - XMRUSDT 数量调整为 0 (因名义价值 0.32628 小于最小值 5.0)
2025-06-01 18:59:45,525 - TradingBot - INFO - XMRUSDT 数量调整: 0.0010000000000000009 -> 0, 最小值: 0.001, 最大值: 10000.0, 名义价值=0.0, 真实保证金=0.000000, 数量精度=3
2025-06-01 18:59:45,526 - TradingBot - INFO - 第 1 轮: XMRUSDT 开仓调整后数量=0, is_reverse_open=False
2025-06-01 18:59:45,526 - TradingBot - WARNING - 第 1 轮: XMRUSDT 调整数量为 0，跳过
2025-06-01 18:59:45,526 - TradingBot - INFO - 第 1 轮: 处理开仓 ONGUSDT BUY, 需求数量=5.0
2025-06-01 18:59:45,952 - TradingBot - WARNING - ONGUSDT 数量调整为 0 (因名义价值 0.8770500000000001 小于最小值 5.0)
2025-06-01 18:59:45,953 - TradingBot - INFO - ONGUSDT 数量调整: 5.0 -> 0, 最小值: 1.0, 最大值: 1000000.0, 名义价值=0.0, 真实保证金=0.000000, 数量精度=0
2025-06-01 18:59:45,954 - TradingBot - INFO - 第 1 轮: ONGUSDT 开仓调整后数量=0, is_reverse_open=False
2025-06-01 18:59:45,954 - TradingBot - WARNING - 第 1 轮: ONGUSDT 调整数量为 0，跳过
2025-06-01 18:59:45,954 - TradingBot - INFO - 第 1 轮: 处理开仓 CTKUSDT SELL, 需求数量=-2.0
2025-06-01 18:59:46,396 - TradingBot - WARNING - CTKUSDT 数量调整为 0 (因名义价值 0.624 小于最小值 5.0)
2025-06-01 18:59:46,396 - TradingBot - INFO - CTKUSDT 数量调整: 2.0 -> 0, 最小值: 1.0, 最大值: 2500000.0, 名义价值=0.0, 真实保证金=0.000000, 数量精度=0
2025-06-01 18:59:46,397 - TradingBot - INFO - 第 1 轮: CTKUSDT 开仓调整后数量=0, is_reverse_open=False
2025-06-01 18:59:46,397 - TradingBot - WARNING - 第 1 轮: CTKUSDT 调整数量为 0，跳过
2025-06-01 18:59:46,520 - TradingBot - INFO - 获取到 14 个非零持仓
2025-06-01 18:59:46,954 - TradingBot - INFO - ARKUSDT 平仓数量调整: 2.0 -> 2.0, 最小值: 1.0, 最大值: 10000000.0, 名义价值=0.719, 真实保证金=0.239667, 数量精度=0
2025-06-01 18:59:46,954 - TradingBot - INFO - 第 1 轮: ARKUSDT 差值 -2.0 为小额调整（名义价值 0.719 < 5 或数量过小），跳过后续轮次
2025-06-01 18:59:47,404 - TradingBot - INFO - AERGOUSDT 平仓数量调整: 19.0 -> 19.0, 最小值: 1.0, 最大值: 4000000.0, 名义价值=2.26537, 真实保证金=0.755123, 数量精度=0
2025-06-01 18:59:47,405 - TradingBot - INFO - 第 1 轮: AERGOUSDT 差值 -19.0 为小额调整（名义价值 2.26537 < 5 或数量过小），跳过后续轮次
2025-06-01 18:59:47,844 - TradingBot - INFO - SFPUSDT 平仓数量调整: 2.0 -> 2.0, 最小值: 1.0, 最大值: 5000000.0, 名义价值=0.9524, 真实保证金=0.317467, 数量精度=0
2025-06-01 18:59:47,844 - TradingBot - INFO - 第 1 轮: SFPUSDT 差值 2.0 为小额调整（名义价值 0.9524 < 5 或数量过小），跳过后续轮次
2025-06-01 18:59:48,279 - TradingBot - INFO - SXPUSDT 平仓数量调整: 4.899999999999999 -> 4.9, 最小值: 0.1, 最大值: 1000000.0, 名义价值=0.8393700000000001, 真实保证金=0.279790, 数量精度=1
2025-06-01 18:59:48,280 - TradingBot - INFO - 第 1 轮: SXPUSDT 差值 4.899999999999999 为小额调整（名义价值 0.8393700000000001 < 5 或数量过小），跳过后续轮次
2025-06-01 18:59:48,854 - TradingBot - INFO - SUNUSDT 平仓数量调整: 20.0 -> 20.0, 最小值: 1.0, 最大值: 50000000.0, 名义价值=0.374, 真实保证金=0.124667, 数量精度=0
2025-06-01 18:59:48,857 - TradingBot - INFO - 第 1 轮: SUNUSDT 差值 20.0 为小额调整（名义价值 0.374 < 5 或数量过小），跳过后续轮次
2025-06-01 18:59:49,282 - TradingBot - INFO - DFUSDT 平仓数量调整: 32.0 -> 32.0, 最小值: 1.0, 最大值: 5000000.0, 名义价值=1.43872, 真实保证金=0.479573, 数量精度=0
2025-06-01 18:59:49,283 - TradingBot - INFO - 第 1 轮: DFUSDT 差值 -32.0 为小额调整（名义价值 1.43872 < 5 或数量过小），跳过后续轮次
2025-06-01 18:59:49,810 - TradingBot - INFO - LRCUSDT 平仓数量调整: 7.0 -> 7.0, 最小值: 1.0, 最大值: 10000000.0, 名义价值=0.5992, 真实保证金=0.199733, 数量精度=0
2025-06-01 18:59:49,811 - TradingBot - INFO - 第 1 轮: LRCUSDT 差值 7.0 为小额调整（名义价值 0.5992 < 5 或数量过小），跳过后续轮次
2025-06-01 18:59:50,242 - TradingBot - INFO - RLCUSDT 平仓数量调整: 0.9000000000000004 -> 0.9, 最小值: 0.1, 最大值: 1000000.0, 名义价值=0.88749, 真实保证金=0.295830, 数量精度=1
2025-06-01 18:59:50,243 - TradingBot - INFO - 第 1 轮: RLCUSDT 差值 0.9000000000000004 为小额调整（名义价值 0.88749 < 5 或数量过小），跳过后续轮次
2025-06-01 18:59:50,673 - TradingBot - INFO - FILUSDT 平仓数量调整: 0.20000000000000018 -> 0.2, 最小值: 0.1, 最大值: 10000000.0, 名义价值=0.5064000000000001, 真实保证金=0.168800, 数量精度=1
2025-06-01 18:59:50,674 - TradingBot - INFO - 第 1 轮: FILUSDT 差值 -0.20000000000000018 为小额调整（名义价值 0.5064000000000001 < 5 或数量过小），跳过后续轮次
2025-06-01 18:59:51,245 - TradingBot - INFO - DENTUSDT 平仓数量调整: 1354.0 -> 1354.0, 最小值: 1.0, 最大值: 500000000.0, 名义价值=0.945092, 真实保证金=0.315031, 数量精度=0
2025-06-01 18:59:51,246 - TradingBot - INFO - 第 1 轮: DENTUSDT 差值 1354.0 为小额调整（名义价值 0.945092 < 5 或数量过小），跳过后续轮次
2025-06-01 18:59:51,814 - TradingBot - INFO - BELUSDT 平仓数量调整: 4.0 -> 4.0, 最小值: 1.0, 最大值: 10000000.0, 名义价值=1.1124, 真实保证金=0.370800, 数量精度=0
2025-06-01 18:59:51,815 - TradingBot - INFO - 第 1 轮: BELUSDT 差值 -4.0 为小额调整（名义价值 1.1124 < 5 或数量过小），跳过后续轮次
2025-06-01 18:59:52,239 - TradingBot - INFO - XMRUSDT 平仓数量调整: 0.0010000000000000009 -> 0.001, 最小值: 0.001, 最大值: 10000.0, 名义价值=0.32630000000000003, 真实保证金=0.108767, 数量精度=3
2025-06-01 18:59:52,239 - TradingBot - INFO - 第 1 轮: XMRUSDT 差值 -0.0010000000000000009 为小额调整（名义价值 0.32630000000000003 < 5 或数量过小），跳过后续轮次
2025-06-01 18:59:52,814 - TradingBot - INFO - ONGUSDT 平仓数量调整: 5.0 -> 5.0, 最小值: 1.0, 最大值: 1000000.0, 名义价值=0.877, 真实保证金=0.292333, 数量精度=0
2025-06-01 18:59:52,815 - TradingBot - INFO - 第 1 轮: ONGUSDT 差值 5.0 为小额调整（名义价值 0.877 < 5 或数量过小），跳过后续轮次
2025-06-01 18:59:53,234 - TradingBot - INFO - CTKUSDT 平仓数量调整: 2.0 -> 2.0, 最小值: 1.0, 最大值: 2500000.0, 名义价值=0.624, 真实保证金=0.208000, 数量精度=0
2025-06-01 18:59:53,235 - TradingBot - INFO - 第 1 轮: CTKUSDT 差值 -2.0 为小额调整（名义价值 0.624 < 5 或数量过小），跳过后续轮次
2025-06-01 18:59:53,235 - TradingBot - INFO - 第 1 轮完成，剩余需求: {}
2025-06-01 18:59:53,235 - TradingBot - INFO - 第 1 轮后所有目标已达成，结束限价单调仓
2025-06-01 18:59:53,235 - TradingBot - INFO - ==================== 市价单补齐：后续调仓 ====================
2025-06-01 18:59:53,355 - TradingBot - INFO - 获取到 14 个非零持仓
2025-06-01 18:59:53,355 - TradingBot - INFO - 市价单补齐：所有目标已达成，无需补齐
2025-06-01 18:59:53,482 - TradingBot - INFO - 准备保存 14 条持仓记录，Run_ID=2025-06-01_185931, 调仓日期=2025-06-01
2025-06-01 18:59:53,489 - TradingBot - INFO - 持仓数据已保存到 data/positions_output.csv，合并后记录数: 98
2025-06-01 18:59:53,500 - TradingBot - INFO - 验证: data/positions_output.csv 中 Run_ID=2025-06-01_185931 的记录数: 14
2025-06-01 19:00:15,036 - TradingBot - INFO - 账户信息已保存为JSON文件: data/account_info_20250601_190015.json
2025-06-01 19:00:15,135 - TradingBot - INFO - 加载 account_metrics.xlsx 成功，记录数: 70
2025-06-01 19:00:15,138 - TradingBot - WARNING - current_after 为 0，检查 after_trade_balance 是否正确赋值
2025-06-01 19:00:15,139 - TradingBot - INFO - 找到上一次记录: Record_Time=2025-06-01 18:51:20, after_trade_balance=48.96139789
2025-06-01 19:00:15,140 - TradingBot - INFO - Pre-rebalance return: -0.002381%
2025-06-01 19:00:15,140 - TradingBot - WARNING - 无法计算 Post-rebalance return: current_after=0, previous_after_value=48.96139789
2025-06-01 19:00:15,700 - TradingBot - ERROR - 写入 account_metrics.xlsx 失败: [Errno 13] Permission denied: 'data/account_metrics.xlsx'
2025-06-01 19:00:15,700 - TradingBot - INFO - ✅ 交易引擎执行完成 | RunID: 2025-06-01_185931
2025-06-01 19:00:15,700 - TradingBot - INFO - 当前日期: 2025-06-01, Run_ID: 2025-06-01_185931
2025-06-01 19:00:15,711 - TradingBot - INFO - 读取 data/positions_output.csv，去重后包含 98 条记录
2025-06-01 19:00:15,711 - TradingBot - INFO - 所有 Run_ID: ['2025-06-01_175903', '2025-06-01_180737', '2025-06-01_180901', '2025-06-01_181939', '2025-06-01_184918', '2025-06-01_185030', '2025-06-01_185931']
2025-06-01 19:00:15,711 - TradingBot - INFO - 所有调仓日期: ['2025-06-01']
2025-06-01 19:00:15,711 - TradingBot - INFO - 找到 14 条 Run_ID=2025-06-01_185931 或日期=2025-06-01 的记录
2025-06-01 19:00:15,712 - TradingBot - INFO - 已提取所需字段的持仓数据
2025-06-01 19:00:15,713 - TradingBot - INFO - 正持仓数量: 7, 负持仓数量: 7
2025-06-01 19:00:15,714 - TradingBot - INFO - 资金费率文件 data/pos20250601_v3.csv 已加载，去重后包含 173 条记录
2025-06-01 19:00:15,715 - TradingBot - INFO - 已为 7 个黑名单币种设置 ErrorReason: 黑名单过滤
2025-06-01 19:00:15,715 - TradingBot - INFO - 已为 28 个币种映射其他错误原因
2025-06-01 19:00:15,717 - TradingBot - INFO - 正持仓资金费率数据已筛选，最大 id: 7
2025-06-01 19:00:15,718 - TradingBot - INFO - 正持仓数据已完成合并并处理空调仓日期、Run_ID 和 ErrorReason
2025-06-01 19:00:15,719 - TradingBot - INFO - 负持仓资金费率数据已筛选，最小 id: 151
2025-06-01 19:00:15,721 - TradingBot - INFO - 负持仓数据已完成合并并处理空调仓日期、Run_ID 和 ErrorReason
2025-06-01 19:00:15,722 - TradingBot - INFO - 正负持仓结果已合并
2025-06-01 19:00:15,786 - TradingBot - INFO - 分析结果已去重并追加写入文件: data/position_analysis.xlsx，记录数: 180
2025-06-01 19:00:15,799 - TradingBot - CRITICAL - 交易程序发生异常: unconverted data remains when parsing with format "%Y-%m-%d": " 18:50:30", at position 1. You might want to try:
    - passing `format` if your strings have a consistent format;
    - passing `format='ISO8601'` if your strings are all ISO8601 but not necessarily in exactly the same format;
    - passing `format='mixed'`, and the format will be inferred for each element individually. You might want to use `dayfirst` alongside this.2025-06-01 19:01:15,806 - TradingBot - INFO - 检查 20250601 的文件或邮件，Run_ID: 2025-06-01_190115
2025-06-01 19:01:15,806 - TradingBot - INFO - 检查本地文件: data/pos20250601_v3.csv
2025-06-01 19:01:15,807 - TradingBot - INFO - 本地找到文件 data/pos20250601_v3.csv，哈希: 2fd5f461de1ee0e3813c1573e05a1290，未处理，直接使用
2025-06-01 19:01:15,807 - TradingBot - INFO - 处理 20250601 的pos文件，Run_ID: 2025-06-01_190115
2025-06-01 19:01:15,807 - TradingBot - INFO - 🚀 开始执行交易引擎 | Date: 20250601 | RunID: 2025-06-01_190115
2025-06-01 19:01:16,200 - TradingBot - INFO - 当前没有未成交的挂单
2025-06-01 19:01:16,203 - TradingBot - INFO - 📋 黑名单过滤结果
├─ 被过滤币种 (7个): BADGERUSDT, BALUSDT, LINAUSDT, NULSUSDT, SNTUSDT, TROYUSDT, VIDTUSDT
└─ 剩余候选池: 166/173
2025-06-01 19:01:16,205 - TradingBot - INFO - 🔍 有效候选列表
├─ 多头候选: 85个
└─ 空头候选: 81个
2025-06-01 19:01:16,565 - TradingBot - INFO - =====账户信息获取成功: totalMarginBalance = 48.9237337, available_balance = 9.06177968=====
2025-06-01 19:01:16,565 - TradingBot - INFO - 每笔交易资金份额: per_share=3.13740955
2025-06-01 19:01:16,712 - TradingBot - INFO - 获取到 14 个非零持仓
2025-06-01 19:01:16,712 - TradingBot - INFO - 当前持仓: {'LRCUSDT': 103.0, 'FILUSDT': -3.5, 'DENTUSDT': 12142.0, 'ONGUSDT': 49.0, 'SXPUSDT': 50.1, 'XMRUSDT': -0.028, 'ARKUSDT': -24.0, 'AERGOUSDT': -60.0, 'BELUSDT': -30.0, 'SFPUSDT': 18.0, 'RLCUSDT': 8.7, 'DFUSDT': -177.0, 'CTKUSDT': -28.0, 'SUNUSDT': 484.0}, 是否第一天: False
2025-06-01 19:01:16,961 - TradingBot - INFO - 交易所信息获取成功
2025-06-01 19:01:17,499 - TradingBot - INFO - RLCUSDT 数量调整: 9.558473291357773 -> 9.6, 最小值: 0.1, 最大值: 1000000.0, 名义价值=9.45312, 真实保证金=3.151040, 数量精度=1
2025-06-01 19:01:17,500 - TradingBot - INFO - 添加多头目标: RLCUSDT, 数量=9.6
2025-06-01 19:01:18,025 - TradingBot - INFO - DENTUSDT 数量调整: 13503.914849354374 -> 13504.0, 最小值: 1.0, 最大值: 500000000.0, 名义价值=9.412288, 真实保证金=3.137429, 数量精度=0
2025-06-01 19:01:18,025 - TradingBot - INFO - 添加多头目标: DENTUSDT, 数量=13504.0
2025-06-01 19:01:18,674 - TradingBot - INFO - ONGUSDT 数量调整: 53.649274110807106 -> 54.0, 最小值: 1.0, 最大值: 1000000.0, 名义价值=9.47376, 真实保证金=3.157920, 数量精度=0
2025-06-01 19:01:18,675 - TradingBot - INFO - 添加多头目标: ONGUSDT, 数量=54.0
2025-06-01 19:01:19,314 - TradingBot - INFO - SFPUSDT 数量调整: 19.765284859302813 -> 20.0, 最小值: 1.0, 最大值: 5000000.0, 名义价值=9.524000000000001, 真实保证金=3.174667, 数量精度=0
2025-06-01 19:01:19,315 - TradingBot - INFO - 添加多头目标: SFPUSDT, 数量=20.0
2025-06-01 19:01:19,854 - TradingBot - INFO - LRCUSDT 数量调整: 110.02020631209818 -> 110.0, 最小值: 1.0, 最大值: 10000000.0, 名义价值=9.4105, 真实保证金=3.136833, 数量精度=0
2025-06-01 19:01:19,855 - TradingBot - INFO - 添加多头目标: LRCUSDT, 数量=110.0
2025-06-01 19:01:20,495 - TradingBot - INFO - SUNUSDT 数量调整: 503.5431548255938 -> 504.0, 最小值: 1.0, 最大值: 50000000.0, 名义价值=9.420768, 真实保证金=3.140256, 数量精度=0
2025-06-01 19:01:20,495 - TradingBot - INFO - 添加多头目标: SUNUSDT, 数量=504.0
2025-06-01 19:01:21,231 - TradingBot - INFO - SXPUSDT 数量调整: 54.9779710864486 -> 55.0, 最小值: 0.1, 最大值: 1000000.0, 名义价值=9.416, 真实保证金=3.138667, 数量精度=1
2025-06-01 19:01:21,231 - TradingBot - INFO - 添加多头目标: SXPUSDT, 数量=55.0
2025-06-01 19:01:22,150 - TradingBot - INFO - ARKUSDT 数量调整: 26.188727462437395 -> 26.0, 最小值: 1.0, 最大值: 10000000.0, 名义价值=9.3444, 真实保证金=3.114800, 数量精度=0
2025-06-01 19:01:22,152 - TradingBot - INFO - 添加空头目标: ARKUSDT, 数量=-26.0
2025-06-01 19:01:22,152 - TradingBot - WARNING - 交易对 FTTUSDT 不可交易，跳过
2025-06-01 19:01:22,152 - TradingBot - WARNING - 交易对 XEMUSDT 不可交易，跳过
2025-06-01 19:01:22,152 - TradingBot - WARNING - 交易对 STPTUSDT 不可交易，跳过
2025-06-01 19:01:22,957 - TradingBot - INFO - CTKUSDT 数量调整: 30.167399519230766 -> 30.0, 最小值: 1.0, 最大值: 2500000.0, 名义价值=9.36, 真实保证金=3.120000, 数量精度=0
2025-06-01 19:01:22,958 - TradingBot - INFO - 添加空头目标: CTKUSDT, 数量=-30.0
2025-06-01 19:01:22,959 - TradingBot - WARNING - 交易对 BLZUSDT 不可交易，跳过
2025-06-01 19:01:22,959 - TradingBot - WARNING - 交易对 AMBUSDT 不可交易，跳过
2025-06-01 19:01:23,730 - TradingBot - INFO - AERGOUSDT 数量调整: 78.9881558408862 -> 79.0, 最小值: 1.0, 最大值: 4000000.0, 名义价值=9.413640000000001, 真实保证金=3.137880, 数量精度=0
2025-06-01 19:01:23,732 - TradingBot - INFO - 添加空头目标: AERGOUSDT, 数量=-79.0
2025-06-01 19:01:23,732 - TradingBot - WARNING - 交易对 UNFIUSDT 不可交易，跳过
2025-06-01 19:01:23,732 - TradingBot - WARNING - 交易对 FTMUSDT 不可交易，跳过
2025-06-01 19:01:23,732 - TradingBot - WARNING - 交易对 STRAXUSDT 不可交易，跳过
2025-06-01 19:01:23,732 - TradingBot - WARNING - 交易对 WAVESUSDT 不可交易，跳过
2025-06-01 19:01:24,608 - TradingBot - INFO - DFUSDT 数量调整: 208.7894554125998 -> 209.0, 最小值: 1.0, 最大值: 5000000.0, 名义价值=9.42172, 真实保证金=3.140573, 数量精度=0
2025-06-01 19:01:24,609 - TradingBot - INFO - 添加空头目标: DFUSDT, 数量=-209.0
2025-06-01 19:01:25,344 - TradingBot - WARNING - BCHUSDT 数量调整为 0 (因名义价值 9.54576 小于最小值 20.0)
2025-06-01 19:01:25,344 - TradingBot - INFO - BCHUSDT 数量调整: 0.023664274777492833 -> 0, 最小值: 0.001, 最大值: 10000.0, 名义价值=0.0, 真实保证金=0.000000, 数量精度=3
2025-06-01 19:01:25,345 - TradingBot - WARNING - BCHUSDT 数量调整为 0，跳过
2025-06-01 19:01:26,173 - TradingBot - INFO - BELUSDT 数量调整: 33.8813126349892 -> 34.0, 最小值: 1.0, 最大值: 10000000.0, 名义价值=9.4452, 真实保证金=3.148400, 数量精度=0
2025-06-01 19:01:26,174 - TradingBot - INFO - 添加空头目标: BELUSDT, 数量=-34.0
2025-06-01 19:01:26,174 - TradingBot - WARNING - 交易对 MDTUSDT 不可交易，跳过
2025-06-01 19:01:26,174 - TradingBot - WARNING - 交易对 SCUSDT 不可交易，跳过
2025-06-01 19:01:26,174 - TradingBot - WARNING - 交易对 RENUSDT 不可交易，跳过
2025-06-01 19:01:27,028 - TradingBot - INFO - FILUSDT 数量调整: 3.7173098933649285 -> 3.7, 最小值: 0.1, 最大值: 10000000.0, 名义价值=9.368400000000001, 真实保证金=3.122800, 数量精度=1
2025-06-01 19:01:27,029 - TradingBot - INFO - 添加空头目标: FILUSDT, 数量=-3.7
2025-06-01 19:01:27,846 - TradingBot - WARNING - LTCUSDT 数量调整为 0 (因名义价值 9.42632 小于最小值 20.0)
2025-06-01 19:01:27,847 - TradingBot - INFO - LTCUSDT 数量调整: 0.10883705654486585 -> 0, 最小值: 0.001, 最大值: 10000.0, 名义价值=0.0, 真实保证金=0.000000, 数量精度=3
2025-06-01 19:01:27,848 - TradingBot - WARNING - LTCUSDT 数量调整为 0，跳过
2025-06-01 19:01:28,909 - TradingBot - INFO - XMRUSDT 数量调整: 0.028775653948454553 -> 0.029, 最小值: 0.001, 最大值: 10000.0, 名义价值=9.48561, 真实保证金=3.161870, 数量精度=3
2025-06-01 19:01:28,909 - TradingBot - INFO - 添加空头目标: XMRUSDT, 数量=-0.029
2025-06-01 19:01:28,909 - TradingBot - INFO - 初始化目标持仓: {'RLCUSDT': 9.6, 'DENTUSDT': 13504.0, 'ONGUSDT': 54.0, 'SFPUSDT': 20.0, 'LRCUSDT': 110.0, 'SUNUSDT': 504.0, 'SXPUSDT': 55.0, 'ARKUSDT': -26.0, 'CTKUSDT': -30.0, 'AERGOUSDT': -79.0, 'DFUSDT': -209.0, 'BELUSDT': -34.0, 'FILUSDT': -3.7, 'XMRUSDT': -0.029}
2025-06-01 19:01:29,058 - TradingBot - INFO - 获取到 14 个非零持仓
2025-06-01 19:01:29,059 - TradingBot - INFO - ==================== 开始持续限价单调仓 ====================
2025-06-01 19:01:29,059 - TradingBot - INFO - 开始第 1 轮调仓...
2025-06-01 19:01:29,249 - TradingBot - INFO - 第 1 轮开始时可用余额: 9.05941013
2025-06-01 19:01:29,412 - TradingBot - INFO - 第 1 轮开仓前可用余额: 9.05941013, 开仓需求: {'ARKUSDT': -2.0, 'AERGOUSDT': -19.0, 'SFPUSDT': 2.0, 'SXPUSDT': 4.899999999999999, 'SUNUSDT': 20.0, 'DFUSDT': -32.0, 'LRCUSDT': 7.0, 'RLCUSDT': 0.9000000000000004, 'FILUSDT': -0.20000000000000018, 'DENTUSDT': 1362.0, 'BELUSDT': -4.0, 'XMRUSDT': -0.0010000000000000009, 'ONGUSDT': 5.0, 'CTKUSDT': -2.0}
2025-06-01 19:01:29,412 - TradingBot - INFO - 第 1 轮: 处理开仓 ARKUSDT SELL, 需求数量=-2.0
2025-06-01 19:01:30,144 - TradingBot - WARNING - ARKUSDT 数量调整为 0 (因名义价值 0.7190000000000001 小于最小值 5.0)
2025-06-01 19:01:30,144 - TradingBot - INFO - ARKUSDT 数量调整: 2.0 -> 0, 最小值: 1.0, 最大值: 10000000.0, 名义价值=0.0, 真实保证金=0.000000, 数量精度=0
2025-06-01 19:01:30,145 - TradingBot - INFO - 第 1 轮: ARKUSDT 开仓调整后数量=0, is_reverse_open=False
2025-06-01 19:01:30,145 - TradingBot - WARNING - 第 1 轮: ARKUSDT 调整数量为 0，跳过
2025-06-01 19:01:30,145 - TradingBot - INFO - 第 1 轮: 处理开仓 AERGOUSDT SELL, 需求数量=-19.0
2025-06-01 19:01:30,869 - TradingBot - WARNING - AERGOUSDT 数量调整为 0 (因名义价值 2.2646100000000002 小于最小值 5.0)
2025-06-01 19:01:30,869 - TradingBot - INFO - AERGOUSDT 数量调整: 19.0 -> 0, 最小值: 1.0, 最大值: 4000000.0, 名义价值=0.0, 真实保证金=0.000000, 数量精度=0
2025-06-01 19:01:30,870 - TradingBot - INFO - 第 1 轮: AERGOUSDT 开仓调整后数量=0, is_reverse_open=False
2025-06-01 19:01:30,870 - TradingBot - WARNING - 第 1 轮: AERGOUSDT 调整数量为 0，跳过
2025-06-01 19:01:30,870 - TradingBot - INFO - 第 1 轮: 处理开仓 SFPUSDT BUY, 需求数量=2.0
2025-06-01 19:01:31,604 - TradingBot - WARNING - SFPUSDT 数量调整为 0 (因名义价值 0.9524 小于最小值 5.0)
2025-06-01 19:01:31,605 - TradingBot - INFO - SFPUSDT 数量调整: 2.0 -> 0, 最小值: 1.0, 最大值: 5000000.0, 名义价值=0.0, 真实保证金=0.000000, 数量精度=0
2025-06-01 19:01:31,605 - TradingBot - INFO - 第 1 轮: SFPUSDT 开仓调整后数量=0, is_reverse_open=False
2025-06-01 19:01:31,605 - TradingBot - WARNING - 第 1 轮: SFPUSDT 调整数量为 0，跳过
2025-06-01 19:01:31,605 - TradingBot - INFO - 第 1 轮: 处理开仓 SXPUSDT BUY, 需求数量=4.899999999999999
2025-06-01 19:01:32,310 - TradingBot - WARNING - SXPUSDT 数量调整为 0 (因名义价值 0.8388800000000002 小于最小值 5.0)
2025-06-01 19:01:32,310 - TradingBot - INFO - SXPUSDT 数量调整: 4.899999999999999 -> 0, 最小值: 0.1, 最大值: 1000000.0, 名义价值=0.0, 真实保证金=0.000000, 数量精度=1
2025-06-01 19:01:32,312 - TradingBot - INFO - 第 1 轮: SXPUSDT 开仓调整后数量=0, is_reverse_open=False
2025-06-01 19:01:32,312 - TradingBot - WARNING - 第 1 轮: SXPUSDT 调整数量为 0，跳过
2025-06-01 19:01:32,312 - TradingBot - INFO - 第 1 轮: 处理开仓 SUNUSDT BUY, 需求数量=20.0
2025-06-01 19:01:33,088 - TradingBot - WARNING - SUNUSDT 数量调整为 0 (因名义价值 0.37384 小于最小值 5.0)
2025-06-01 19:01:33,088 - TradingBot - INFO - SUNUSDT 数量调整: 20.0 -> 0, 最小值: 1.0, 最大值: 50000000.0, 名义价值=0.0, 真实保证金=0.000000, 数量精度=0
2025-06-01 19:01:33,089 - TradingBot - INFO - 第 1 轮: SUNUSDT 开仓调整后数量=0, is_reverse_open=False
2025-06-01 19:01:33,089 - TradingBot - WARNING - 第 1 轮: SUNUSDT 调整数量为 0，跳过
2025-06-01 19:01:33,089 - TradingBot - INFO - 第 1 轮: 处理开仓 DFUSDT SELL, 需求数量=-32.0
2025-06-01 19:01:33,786 - TradingBot - WARNING - DFUSDT 数量调整为 0 (因名义价值 1.44384 小于最小值 5.0)
2025-06-01 19:01:33,786 - TradingBot - INFO - DFUSDT 数量调整: 32.0 -> 0, 最小值: 1.0, 最大值: 5000000.0, 名义价值=0.0, 真实保证金=0.000000, 数量精度=0
2025-06-01 19:01:33,787 - TradingBot - INFO - 第 1 轮: DFUSDT 开仓调整后数量=0, is_reverse_open=False
2025-06-01 19:01:33,787 - TradingBot - WARNING - 第 1 轮: DFUSDT 调整数量为 0，跳过
2025-06-01 19:01:33,788 - TradingBot - INFO - 第 1 轮: 处理开仓 LRCUSDT BUY, 需求数量=7.0
2025-06-01 19:01:34,447 - TradingBot - WARNING - LRCUSDT 数量调整为 0 (因名义价值 0.59899 小于最小值 5.0)
2025-06-01 19:01:34,447 - TradingBot - INFO - LRCUSDT 数量调整: 7.0 -> 0, 最小值: 1.0, 最大值: 10000000.0, 名义价值=0.0, 真实保证金=0.000000, 数量精度=0
2025-06-01 19:01:34,448 - TradingBot - INFO - 第 1 轮: LRCUSDT 开仓调整后数量=0, is_reverse_open=False
2025-06-01 19:01:34,448 - TradingBot - WARNING - 第 1 轮: LRCUSDT 调整数量为 0，跳过
2025-06-01 19:01:34,448 - TradingBot - INFO - 第 1 轮: 处理开仓 RLCUSDT BUY, 需求数量=0.9000000000000004
2025-06-01 19:01:35,253 - TradingBot - WARNING - RLCUSDT 数量调整为 0 (因名义价值 0.8866800000000001 小于最小值 5.0)
2025-06-01 19:01:35,253 - TradingBot - INFO - RLCUSDT 数量调整: 0.9000000000000004 -> 0, 最小值: 0.1, 最大值: 1000000.0, 名义价值=0.0, 真实保证金=0.000000, 数量精度=1
2025-06-01 19:01:35,254 - TradingBot - INFO - 第 1 轮: RLCUSDT 开仓调整后数量=0, is_reverse_open=False
2025-06-01 19:01:35,254 - TradingBot - WARNING - 第 1 轮: RLCUSDT 调整数量为 0，跳过
2025-06-01 19:01:35,254 - TradingBot - INFO - 第 1 轮: 处理开仓 FILUSDT SELL, 需求数量=-0.20000000000000018
2025-06-01 19:01:35,859 - TradingBot - WARNING - FILUSDT 数量调整为 0 (因名义价值 0.5064000000000001 小于最小值 5.0)
2025-06-01 19:01:35,860 - TradingBot - INFO - FILUSDT 数量调整: 0.20000000000000018 -> 0, 最小值: 0.1, 最大值: 10000000.0, 名义价值=0.0, 真实保证金=0.000000, 数量精度=1
2025-06-01 19:01:35,862 - TradingBot - INFO - 第 1 轮: FILUSDT 开仓调整后数量=0, is_reverse_open=False
2025-06-01 19:01:35,862 - TradingBot - WARNING - 第 1 轮: FILUSDT 调整数量为 0，跳过
2025-06-01 19:01:35,862 - TradingBot - INFO - 第 1 轮: 处理开仓 DENTUSDT BUY, 需求数量=1362.0
2025-06-01 19:01:36,540 - TradingBot - WARNING - DENTUSDT 数量调整为 0 (因名义价值 0.9493139999999999 小于最小值 5.0)
2025-06-01 19:01:36,540 - TradingBot - INFO - DENTUSDT 数量调整: 1362.0 -> 0, 最小值: 1.0, 最大值: 500000000.0, 名义价值=0.0, 真实保证金=0.000000, 数量精度=0
2025-06-01 19:01:36,540 - TradingBot - INFO - 第 1 轮: DENTUSDT 开仓调整后数量=0, is_reverse_open=False
2025-06-01 19:01:36,540 - TradingBot - WARNING - 第 1 轮: DENTUSDT 调整数量为 0，跳过
2025-06-01 19:01:36,540 - TradingBot - INFO - 第 1 轮: 处理开仓 BELUSDT SELL, 需求数量=-4.0
2025-06-01 19:01:37,220 - TradingBot - WARNING - BELUSDT 数量调整为 0 (因名义价值 1.1112 小于最小值 5.0)
2025-06-01 19:01:37,220 - TradingBot - INFO - BELUSDT 数量调整: 4.0 -> 0, 最小值: 1.0, 最大值: 10000000.0, 名义价值=0.0, 真实保证金=0.000000, 数量精度=0
2025-06-01 19:01:37,221 - TradingBot - INFO - 第 1 轮: BELUSDT 开仓调整后数量=0, is_reverse_open=False
2025-06-01 19:01:37,222 - TradingBot - WARNING - 第 1 轮: BELUSDT 调整数量为 0，跳过
2025-06-01 19:01:37,222 - TradingBot - INFO - 第 1 轮: 处理开仓 XMRUSDT SELL, 需求数量=-0.0010000000000000009
2025-06-01 19:01:37,891 - TradingBot - WARNING - XMRUSDT 数量调整为 0 (因名义价值 0.32694 小于最小值 5.0)
2025-06-01 19:01:37,892 - TradingBot - INFO - XMRUSDT 数量调整: 0.0010000000000000009 -> 0, 最小值: 0.001, 最大值: 10000.0, 名义价值=0.0, 真实保证金=0.000000, 数量精度=3
2025-06-01 19:01:37,893 - TradingBot - INFO - 第 1 轮: XMRUSDT 开仓调整后数量=0, is_reverse_open=False
2025-06-01 19:01:37,893 - TradingBot - WARNING - 第 1 轮: XMRUSDT 调整数量为 0，跳过
2025-06-01 19:01:37,893 - TradingBot - INFO - 第 1 轮: 处理开仓 ONGUSDT BUY, 需求数量=5.0
2025-06-01 19:01:38,572 - TradingBot - WARNING - ONGUSDT 数量调整为 0 (因名义价值 0.8774500000000001 小于最小值 5.0)
2025-06-01 19:01:38,572 - TradingBot - INFO - ONGUSDT 数量调整: 5.0 -> 0, 最小值: 1.0, 最大值: 1000000.0, 名义价值=0.0, 真实保证金=0.000000, 数量精度=0
2025-06-01 19:01:38,572 - TradingBot - INFO - 第 1 轮: ONGUSDT 开仓调整后数量=0, is_reverse_open=False
2025-06-01 19:01:38,573 - TradingBot - WARNING - 第 1 轮: ONGUSDT 调整数量为 0，跳过
2025-06-01 19:01:38,573 - TradingBot - INFO - 第 1 轮: 处理开仓 CTKUSDT SELL, 需求数量=-2.0
2025-06-01 19:01:39,236 - TradingBot - WARNING - CTKUSDT 数量调整为 0 (因名义价值 0.6238 小于最小值 5.0)
2025-06-01 19:01:39,236 - TradingBot - INFO - CTKUSDT 数量调整: 2.0 -> 0, 最小值: 1.0, 最大值: 2500000.0, 名义价值=0.0, 真实保证金=0.000000, 数量精度=0
2025-06-01 19:01:39,237 - TradingBot - INFO - 第 1 轮: CTKUSDT 开仓调整后数量=0, is_reverse_open=False
2025-06-01 19:01:39,237 - TradingBot - WARNING - 第 1 轮: CTKUSDT 调整数量为 0，跳过
2025-06-01 19:01:39,378 - TradingBot - INFO - 获取到 14 个非零持仓
2025-06-01 19:01:40,171 - TradingBot - INFO - ARKUSDT 平仓数量调整: 2.0 -> 2.0, 最小值: 1.0, 最大值: 10000000.0, 名义价值=0.7188, 真实保证金=0.239600, 数量精度=0
2025-06-01 19:01:40,173 - TradingBot - INFO - 第 1 轮: ARKUSDT 差值 -2.0 为小额调整（名义价值 0.7188 < 5 或数量过小），跳过后续轮次
2025-06-01 19:01:40,854 - TradingBot - INFO - AERGOUSDT 平仓数量调整: 19.0 -> 19.0, 最小值: 1.0, 最大值: 4000000.0, 名义价值=2.2646100000000002, 真实保证金=0.754870, 数量精度=0
2025-06-01 19:01:40,855 - TradingBot - INFO - 第 1 轮: AERGOUSDT 差值 -19.0 为小额调整（名义价值 2.2646100000000002 < 5 或数量过小），跳过后续轮次
2025-06-01 19:01:41,532 - TradingBot - INFO - SFPUSDT 平仓数量调整: 2.0 -> 2.0, 最小值: 1.0, 最大值: 5000000.0, 名义价值=0.9526, 真实保证金=0.317533, 数量精度=0
2025-06-01 19:01:41,533 - TradingBot - INFO - 第 1 轮: SFPUSDT 差值 2.0 为小额调整（名义价值 0.9526 < 5 或数量过小），跳过后续轮次
2025-06-01 19:01:42,233 - TradingBot - INFO - SXPUSDT 平仓数量调整: 4.899999999999999 -> 4.9, 最小值: 0.1, 最大值: 1000000.0, 名义价值=0.8388800000000001, 真实保证金=0.279627, 数量精度=1
2025-06-01 19:01:42,234 - TradingBot - INFO - 第 1 轮: SXPUSDT 差值 4.899999999999999 为小额调整（名义价值 0.8388800000000001 < 5 或数量过小），跳过后续轮次
2025-06-01 19:01:42,953 - TradingBot - INFO - SUNUSDT 平仓数量调整: 20.0 -> 20.0, 最小值: 1.0, 最大值: 50000000.0, 名义价值=0.3739, 真实保证金=0.124633, 数量精度=0
2025-06-01 19:01:42,954 - TradingBot - INFO - 第 1 轮: SUNUSDT 差值 20.0 为小额调整（名义价值 0.3739 < 5 或数量过小），跳过后续轮次
2025-06-01 19:01:43,742 - TradingBot - INFO - DFUSDT 平仓数量调整: 32.0 -> 32.0, 最小值: 1.0, 最大值: 5000000.0, 名义价值=1.4432, 真实保证金=0.481067, 数量精度=0
2025-06-01 19:01:43,743 - TradingBot - INFO - 第 1 轮: DFUSDT 差值 -32.0 为小额调整（名义价值 1.4432 < 5 或数量过小），跳过后续轮次
2025-06-01 19:01:44,670 - TradingBot - INFO - LRCUSDT 平仓数量调整: 7.0 -> 7.0, 最小值: 1.0, 最大值: 10000000.0, 名义价值=0.59885, 真实保证金=0.199617, 数量精度=0
2025-06-01 19:01:44,671 - TradingBot - INFO - 第 1 轮: LRCUSDT 差值 7.0 为小额调整（名义价值 0.59885 < 5 或数量过小），跳过后续轮次
2025-06-01 19:01:45,402 - TradingBot - INFO - RLCUSDT 平仓数量调整: 0.9000000000000004 -> 0.9, 最小值: 0.1, 最大值: 1000000.0, 名义价值=0.8865, 真实保证金=0.295500, 数量精度=1
2025-06-01 19:01:45,403 - TradingBot - INFO - 第 1 轮: RLCUSDT 差值 0.9000000000000004 为小额调整（名义价值 0.8865 < 5 或数量过小），跳过后续轮次
2025-06-01 19:01:46,216 - TradingBot - INFO - FILUSDT 平仓数量调整: 0.20000000000000018 -> 0.2, 最小值: 0.1, 最大值: 10000000.0, 名义价值=0.5064000000000001, 真实保证金=0.168800, 数量精度=1
2025-06-01 19:01:46,218 - TradingBot - INFO - 第 1 轮: FILUSDT 差值 -0.20000000000000018 为小额调整（名义价值 0.5064000000000001 < 5 或数量过小），跳过后续轮次
2025-06-01 19:01:46,932 - TradingBot - INFO - DENTUSDT 平仓数量调整: 1362.0 -> 1362.0, 最小值: 1.0, 最大值: 500000000.0, 名义价值=0.9506760000000001, 真实保证金=0.316892, 数量精度=0
2025-06-01 19:01:46,934 - TradingBot - INFO - 第 1 轮: DENTUSDT 差值 1362.0 为小额调整（名义价值 0.9506760000000001 < 5 或数量过小），跳过后续轮次
2025-06-01 19:01:47,743 - TradingBot - INFO - BELUSDT 平仓数量调整: 4.0 -> 4.0, 最小值: 1.0, 最大值: 10000000.0, 名义价值=1.1116, 真实保证金=0.370533, 数量精度=0
2025-06-01 19:01:47,744 - TradingBot - INFO - 第 1 轮: BELUSDT 差值 -4.0 为小额调整（名义价值 1.1116 < 5 或数量过小），跳过后续轮次
2025-06-01 19:01:48,489 - TradingBot - INFO - XMRUSDT 平仓数量调整: 0.0010000000000000009 -> 0.001, 最小值: 0.001, 最大值: 10000.0, 名义价值=0.32691000000000003, 真实保证金=0.108970, 数量精度=3
2025-06-01 19:01:48,490 - TradingBot - INFO - 第 1 轮: XMRUSDT 差值 -0.0010000000000000009 为小额调整（名义价值 0.32691000000000003 < 5 或数量过小），跳过后续轮次
2025-06-01 19:01:49,229 - TradingBot - INFO - ONGUSDT 平仓数量调整: 5.0 -> 5.0, 最小值: 1.0, 最大值: 1000000.0, 名义价值=0.8769499999999999, 真实保证金=0.292317, 数量精度=0
2025-06-01 19:01:49,230 - TradingBot - INFO - 第 1 轮: ONGUSDT 差值 5.0 为小额调整（名义价值 0.8769499999999999 < 5 或数量过小），跳过后续轮次
2025-06-01 19:01:50,539 - TradingBot - INFO - CTKUSDT 平仓数量调整: 2.0 -> 2.0, 最小值: 1.0, 最大值: 2500000.0, 名义价值=0.6236, 真实保证金=0.207867, 数量精度=0
2025-06-01 19:01:50,540 - TradingBot - INFO - 第 1 轮: CTKUSDT 差值 -2.0 为小额调整（名义价值 0.6236 < 5 或数量过小），跳过后续轮次
2025-06-01 19:01:50,540 - TradingBot - INFO - 第 1 轮完成，剩余需求: {}
2025-06-01 19:01:50,540 - TradingBot - INFO - 第 1 轮后所有目标已达成，结束限价单调仓
2025-06-01 19:01:50,540 - TradingBot - INFO - ==================== 市价单补齐：后续调仓 ====================
2025-06-01 19:01:50,688 - TradingBot - INFO - 获取到 14 个非零持仓
2025-06-01 19:01:50,688 - TradingBot - INFO - 市价单补齐：所有目标已达成，无需补齐
2025-06-01 19:01:50,836 - TradingBot - INFO - 准备保存 14 条持仓记录，Run_ID=2025-06-01_190115, 调仓日期=2025-06-01
2025-06-01 19:01:50,840 - TradingBot - INFO - 持仓数据已保存到 data/positions_output.csv，合并后记录数: 112
2025-06-01 19:01:50,850 - TradingBot - INFO - 验证: data/positions_output.csv 中 Run_ID=2025-06-01_190115 的记录数: 14
2025-06-01 19:02:13,167 - TradingBot - INFO - 账户信息已保存为JSON文件: data/account_info_20250601_190213.json
2025-06-01 19:02:13,201 - TradingBot - INFO - 加载 account_metrics.xlsx 成功，记录数: 70
2025-06-01 19:02:13,203 - TradingBot - INFO - 找到上一次记录: Record_Time=2025-06-01 18:51:20, after_trade_balance=48.96139789
2025-06-01 19:02:13,203 - TradingBot - INFO - Pre-rebalance return: -0.076926%
2025-06-01 19:02:13,203 - TradingBot - INFO - Post-rebalance return: -0.031426%
2025-06-01 19:02:13,828 - TradingBot - ERROR - 写入 account_metrics.xlsx 失败: [Errno 13] Permission denied: 'data/account_metrics.xlsx'
2025-06-01 19:02:13,828 - TradingBot - INFO - ✅ 交易引擎执行完成 | RunID: 2025-06-01_190115
2025-06-01 19:02:13,828 - TradingBot - INFO - 当前日期: 2025-06-01, Run_ID: 2025-06-01_190115
2025-06-01 19:02:13,840 - TradingBot - INFO - 读取 data/positions_output.csv，去重后包含 112 条记录
2025-06-01 19:02:13,840 - TradingBot - INFO - 所有 Run_ID: ['2025-06-01_175903', '2025-06-01_180737', '2025-06-01_180901', '2025-06-01_181939', '2025-06-01_184918', '2025-06-01_185030', '2025-06-01_185931', '2025-06-01_190115']
2025-06-01 19:02:13,840 - TradingBot - INFO - 所有调仓日期: ['2025-06-01']
2025-06-01 19:02:13,842 - TradingBot - INFO - 找到 14 条 Run_ID=2025-06-01_190115 或日期=2025-06-01 的记录
2025-06-01 19:02:13,842 - TradingBot - INFO - 已提取所需字段的持仓数据
2025-06-01 19:02:13,842 - TradingBot - INFO - 正持仓数量: 7, 负持仓数量: 7
2025-06-01 19:02:13,843 - TradingBot - INFO - 资金费率文件 data/pos20250601_v3.csv 已加载，去重后包含 173 条记录
2025-06-01 19:02:13,845 - TradingBot - INFO - 已为 7 个黑名单币种设置 ErrorReason: 黑名单过滤
2025-06-01 19:02:13,845 - TradingBot - INFO - 已为 28 个币种映射其他错误原因
2025-06-01 19:02:13,846 - TradingBot - INFO - 正持仓资金费率数据已筛选，最大 id: 7
2025-06-01 19:02:13,848 - TradingBot - INFO - 正持仓数据已完成合并并处理空调仓日期、Run_ID 和 ErrorReason
2025-06-01 19:02:13,849 - TradingBot - INFO - 负持仓资金费率数据已筛选，最小 id: 151
2025-06-01 19:02:13,851 - TradingBot - INFO - 负持仓数据已完成合并并处理空调仓日期、Run_ID 和 ErrorReason
2025-06-01 19:02:13,853 - TradingBot - INFO - 正负持仓结果已合并
2025-06-01 19:02:13,926 - TradingBot - INFO - 分析结果已去重并追加写入文件: data/position_analysis.xlsx，记录数: 210
2025-06-01 19:02:13,940 - TradingBot - CRITICAL - 交易程序发生异常: unconverted data remains when parsing with format "%Y-%m-%d": " 18:50:30", at position 1. You might want to try:
    - passing `format` if your strings have a consistent format;
    - passing `format='ISO8601'` if your strings are all ISO8601 but not necessarily in exactly the same format;
    - passing `format='mixed'`, and the format will be inferred for each element individually. You might want to use `dayfirst` alongside this.
2025-06-01 19:03:13,954 - TradingBot - INFO - 检查 20250601 的文件或邮件，Run_ID: 2025-06-01_190313
2025-06-01 19:03:13,954 - TradingBot - INFO - 检查本地文件: data/pos20250601_v3.csv
2025-06-01 19:03:13,954 - TradingBot - INFO - 本地找到文件 data/pos20250601_v3.csv，哈希: 2fd5f461de1ee0e3813c1573e05a1290，未处理，直接使用
2025-06-01 19:03:13,954 - TradingBot - INFO - 处理 20250601 的pos文件，Run_ID: 2025-06-01_190313
2025-06-01 19:03:13,955 - TradingBot - INFO - 🚀 开始执行交易引擎 | Date: 20250601 | RunID: 2025-06-01_190313
2025-06-01 19:03:14,342 - TradingBot - INFO - 当前没有未成交的挂单
2025-06-01 19:03:14,345 - TradingBot - INFO - 📋 黑名单过滤结果
├─ 被过滤币种 (7个): BADGERUSDT, BALUSDT, LINAUSDT, NULSUSDT, SNTUSDT, TROYUSDT, VIDTUSDT
└─ 剩余候选池: 166/173
2025-06-01 19:03:14,348 - TradingBot - INFO - 🔍 有效候选列表
├─ 多头候选: 85个
└─ 空头候选: 81个
2025-06-01 19:03:14,614 - TradingBot - INFO - =====账户信息获取成功: totalMarginBalance = 48.96140355, available_balance = 9.14507372=====
2025-06-01 19:03:14,614 - TradingBot - INFO - 每笔交易资金份额: per_share=3.1401002535714286
2025-06-01 19:03:14,728 - TradingBot - INFO - 获取到 14 个非零持仓
2025-06-01 19:03:14,728 - TradingBot - INFO - 当前持仓: {'LRCUSDT': 103.0, 'FILUSDT': -3.5, 'DENTUSDT': 12142.0, 'ONGUSDT': 49.0, 'SXPUSDT': 50.1, 'XMRUSDT': -0.028, 'ARKUSDT': -24.0, 'AERGOUSDT': -60.0, 'BELUSDT': -30.0, 'SFPUSDT': 18.0, 'RLCUSDT': 8.7, 'DFUSDT': -177.0, 'CTKUSDT': -28.0, 'SUNUSDT': 484.0}, 是否第一天: False
2025-06-01 19:03:14,898 - TradingBot - INFO - 交易所信息获取成功
2025-06-01 19:03:15,325 - TradingBot - INFO - RLCUSDT 数量调整: 9.572503567436527 -> 9.6, 最小值: 0.1, 最大值: 1000000.0, 名义价值=9.44736, 真实保证金=3.149120, 数量精度=1
2025-06-01 19:03:15,326 - TradingBot - INFO - 添加多头目标: RLCUSDT, 数量=9.6
2025-06-01 19:03:15,766 - TradingBot - INFO - DENTUSDT 数量调整: 13496.132895006138 -> 13496.0, 最小值: 1.0, 最大值: 500000000.0, 名义价值=9.420208, 真实保证金=3.140069, 数量精度=0
2025-06-01 19:03:15,768 - TradingBot - INFO - 添加多头目标: DENTUSDT, 数量=13496.0
2025-06-01 19:03:16,343 - TradingBot - INFO - ONGUSDT 数量调整: 53.77804852836836 -> 54.0, 最小值: 1.0, 最大值: 1000000.0, 名义价值=9.45918, 真实保证金=3.153060, 数量精度=0
2025-06-01 19:03:16,344 - TradingBot - INFO - 添加多头目标: ONGUSDT, 数量=54.0
2025-06-01 19:03:16,777 - TradingBot - INFO - SFPUSDT 数量调整: 19.807192516220113 -> 20.0, 最小值: 1.0, 最大值: 5000000.0, 名义价值=9.512, 真实保证金=3.170667, 数量精度=0
2025-06-01 19:03:16,778 - TradingBot - INFO - 添加多头目标: SFPUSDT, 数量=20.0
2025-06-01 19:03:17,243 - TradingBot - INFO - LRCUSDT 数量调整: 110.1918442006584 -> 110.0, 最小值: 1.0, 最大值: 10000000.0, 名义价值=9.4039, 真实保证金=3.134633, 数量精度=0
2025-06-01 19:03:17,246 - TradingBot - INFO - 添加多头目标: LRCUSDT, 数量=110.0
2025-06-01 19:03:17,702 - TradingBot - INFO - SUNUSDT 数量调整: 504.1368276096695 -> 504.0, 最小值: 1.0, 最大值: 50000000.0, 名义价值=9.417744, 真实保证金=3.139248, 数量精度=0
2025-06-01 19:03:17,704 - TradingBot - INFO - 添加多头目标: SUNUSDT, 数量=504.0
2025-06-01 19:03:18,144 - TradingBot - INFO - SXPUSDT 数量调整: 55.05728089254404 -> 55.1, 最小值: 0.1, 最大值: 1000000.0, 名义价值=9.42761, 真实保证金=3.142537, 数量精度=1
2025-06-01 19:03:18,146 - TradingBot - INFO - 添加多头目标: SXPUSDT, 数量=55.1
2025-06-01 19:03:18,764 - TradingBot - INFO - ARKUSDT 数量调整: 26.225781627823732 -> 26.0, 最小值: 1.0, 最大值: 10000000.0, 名义价值=9.3392, 真实保证金=3.113067, 数量精度=0
2025-06-01 19:03:18,765 - TradingBot - INFO - 添加空头目标: ARKUSDT, 数量=-26.0
2025-06-01 19:03:18,766 - TradingBot - WARNING - 交易对 FTTUSDT 不可交易，跳过
2025-06-01 19:03:18,766 - TradingBot - WARNING - 交易对 XEMUSDT 不可交易，跳过
2025-06-01 19:03:18,766 - TradingBot - WARNING - 交易对 STPTUSDT 不可交易，跳过
2025-06-01 19:03:19,200 - TradingBot - INFO - CTKUSDT 数量调整: 30.30009894086293 -> 30.0, 最小值: 1.0, 最大值: 2500000.0, 名义价值=9.327, 真实保证金=3.109000, 数量精度=0
2025-06-01 19:03:19,201 - TradingBot - INFO - 添加空头目标: CTKUSDT, 数量=-30.0
2025-06-01 19:03:19,201 - TradingBot - WARNING - 交易对 BLZUSDT 不可交易，跳过
2025-06-01 19:03:19,201 - TradingBot - WARNING - 交易对 AMBUSDT 不可交易，跳过
2025-06-01 19:03:19,631 - TradingBot - INFO - AERGOUSDT 数量调整: 79.06253261195371 -> 79.0, 最小值: 1.0, 最大值: 4000000.0, 名义价值=9.41285, 真实保证金=3.137617, 数量精度=0
2025-06-01 19:03:19,632 - TradingBot - INFO - 添加空头目标: AERGOUSDT, 数量=-79.0
2025-06-01 19:03:19,632 - TradingBot - WARNING - 交易对 UNFIUSDT 不可交易，跳过
2025-06-01 19:03:19,632 - TradingBot - WARNING - 交易对 FTMUSDT 不可交易，跳过
2025-06-01 19:03:19,633 - TradingBot - WARNING - 交易对 STRAXUSDT 不可交易，跳过
2025-06-01 19:03:19,633 - TradingBot - WARNING - 交易对 WAVESUSDT 不可交易，跳过
2025-06-01 19:03:20,063 - TradingBot - INFO - DFUSDT 数量调整: 210.36848505391436 -> 210.0, 最小值: 1.0, 最大值: 5000000.0, 名义价值=9.4038, 真实保证金=3.134600, 数量精度=0
2025-06-01 19:03:20,065 - TradingBot - INFO - 添加空头目标: DFUSDT, 数量=-210.0
2025-06-01 19:03:20,492 - TradingBot - WARNING - BCHUSDT 数量调整为 0 (因名义价值 9.5448 小于最小值 20.0)
2025-06-01 19:03:20,492 - TradingBot - INFO - BCHUSDT 数量调整: 0.023686951875067353 -> 0, 最小值: 0.001, 最大值: 10000.0, 名义价值=0.0, 真实保证金=0.000000, 数量精度=3
2025-06-01 19:03:20,494 - TradingBot - WARNING - BCHUSDT 数量调整为 0，跳过
2025-06-01 19:03:20,931 - TradingBot - INFO - BELUSDT 数量调整: 33.959267342156764 -> 34.0, 最小值: 1.0, 最大值: 10000000.0, 名义价值=9.4316, 真实保证金=3.143867, 数量精度=0
2025-06-01 19:03:20,933 - TradingBot - INFO - 添加空头目标: BELUSDT, 数量=-34.0
2025-06-01 19:03:20,933 - TradingBot - WARNING - 交易对 MDTUSDT 不可交易，跳过
2025-06-01 19:03:20,933 - TradingBot - WARNING - 交易对 SCUSDT 不可交易，跳过
2025-06-01 19:03:20,933 - TradingBot - WARNING - 交易对 RENUSDT 不可交易，跳过
2025-06-01 19:03:21,377 - TradingBot - INFO - FILUSDT 数量调整: 3.723439035855449 -> 3.7, 最小值: 0.1, 最大值: 10000000.0, 名义价值=9.360999999999999, 真实保证金=3.120333, 数量精度=1
2025-06-01 19:03:21,378 - TradingBot - INFO - 添加空头目标: FILUSDT, 数量=-3.7
2025-06-01 19:03:21,796 - TradingBot - WARNING - LTCUSDT 数量调整为 0 (因名义价值 9.41651 小于最小值 20.0)
2025-06-01 19:03:21,797 - TradingBot - INFO - LTCUSDT 数量调整: 0.1090438796239644 -> 0, 最小值: 0.001, 最大值: 10000.0, 名义价值=0.0, 真实保证金=0.000000, 数量精度=3
2025-06-01 19:03:21,798 - TradingBot - WARNING - LTCUSDT 数量调整为 0，跳过
2025-06-01 19:03:22,213 - TradingBot - INFO - XMRUSDT 数量调整: 0.028824125698287392 -> 0.029, 最小值: 0.001, 最大值: 10000.0, 名义价值=9.477780000000001, 真实保证金=3.159260, 数量精度=3
2025-06-01 19:03:22,214 - TradingBot - INFO - 添加空头目标: XMRUSDT, 数量=-0.029
2025-06-01 19:03:22,214 - TradingBot - INFO - 初始化目标持仓: {'RLCUSDT': 9.6, 'DENTUSDT': 13496.0, 'ONGUSDT': 54.0, 'SFPUSDT': 20.0, 'LRCUSDT': 110.0, 'SUNUSDT': 504.0, 'SXPUSDT': 55.1, 'ARKUSDT': -26.0, 'CTKUSDT': -30.0, 'AERGOUSDT': -79.0, 'DFUSDT': -210.0, 'BELUSDT': -34.0, 'FILUSDT': -3.7, 'XMRUSDT': -0.029}
2025-06-01 19:03:22,327 - TradingBot - INFO - 获取到 14 个非零持仓
2025-06-01 19:03:22,328 - TradingBot - INFO - ==================== 开始持续限价单调仓 ====================
2025-06-01 19:03:22,328 - TradingBot - INFO - 开始第 1 轮调仓...
2025-06-01 19:03:22,452 - TradingBot - INFO - 第 1 轮开始时可用余额: 9.14603977
2025-06-01 19:03:22,562 - TradingBot - INFO - 第 1 轮开仓前可用余额: 9.14603977, 开仓需求: {'ARKUSDT': -2.0, 'AERGOUSDT': -19.0, 'SFPUSDT': 2.0, 'SXPUSDT': 5.0, 'SUNUSDT': 20.0, 'DFUSDT': -33.0, 'LRCUSDT': 7.0, 'RLCUSDT': 0.9000000000000004, 'FILUSDT': -0.20000000000000018, 'DENTUSDT': 1354.0, 'BELUSDT': -4.0, 'XMRUSDT': -0.0010000000000000009, 'ONGUSDT': 5.0, 'CTKUSDT': -2.0}
2025-06-01 19:03:22,562 - TradingBot - INFO - 第 1 轮: 处理开仓 ARKUSDT SELL, 需求数量=-2.0
2025-06-01 19:03:23,221 - TradingBot - WARNING - ARKUSDT 数量调整为 0 (因名义价值 0.7180000000000001 小于最小值 5.0)
2025-06-01 19:03:23,221 - TradingBot - INFO - ARKUSDT 数量调整: 2.0 -> 0, 最小值: 1.0, 最大值: 10000000.0, 名义价值=0.0, 真实保证金=0.000000, 数量精度=0
2025-06-01 19:03:23,223 - TradingBot - INFO - 第 1 轮: ARKUSDT 开仓调整后数量=0, is_reverse_open=False
2025-06-01 19:03:23,223 - TradingBot - WARNING - 第 1 轮: ARKUSDT 调整数量为 0，跳过
2025-06-01 19:03:23,224 - TradingBot - INFO - 第 1 轮: 处理开仓 AERGOUSDT SELL, 需求数量=-19.0
2025-06-01 19:03:23,971 - TradingBot - WARNING - AERGOUSDT 数量调整为 0 (因名义价值 2.2661300000000004 小于最小值 5.0)
2025-06-01 19:03:23,971 - TradingBot - INFO - AERGOUSDT 数量调整: 19.0 -> 0, 最小值: 1.0, 最大值: 4000000.0, 名义价值=0.0, 真实保证金=0.000000, 数量精度=0
2025-06-01 19:03:23,972 - TradingBot - INFO - 第 1 轮: AERGOUSDT 开仓调整后数量=0, is_reverse_open=False
2025-06-01 19:03:23,972 - TradingBot - WARNING - 第 1 轮: AERGOUSDT 调整数量为 0，跳过
2025-06-01 19:03:23,972 - TradingBot - INFO - 第 1 轮: 处理开仓 SFPUSDT BUY, 需求数量=2.0
2025-06-01 19:03:24,407 - TradingBot - WARNING - SFPUSDT 数量调整为 0 (因名义价值 0.9508000000000001 小于最小值 5.0)
2025-06-01 19:03:24,407 - TradingBot - INFO - SFPUSDT 数量调整: 2.0 -> 0, 最小值: 1.0, 最大值: 5000000.0, 名义价值=0.0, 真实保证金=0.000000, 数量精度=0
2025-06-01 19:03:24,407 - TradingBot - INFO - 第 1 轮: SFPUSDT 开仓调整后数量=0, is_reverse_open=False
2025-06-01 19:03:24,407 - TradingBot - WARNING - 第 1 轮: SFPUSDT 调整数量为 0，跳过
2025-06-01 19:03:24,407 - TradingBot - INFO - 第 1 轮: 处理开仓 SXPUSDT BUY, 需求数量=5.0
2025-06-01 19:03:24,823 - TradingBot - WARNING - SXPUSDT 数量调整为 0 (因名义价值 0.8545 小于最小值 5.0)
2025-06-01 19:03:24,824 - TradingBot - INFO - SXPUSDT 数量调整: 5.0 -> 0, 最小值: 0.1, 最大值: 1000000.0, 名义价值=0.0, 真实保证金=0.000000, 数量精度=1
2025-06-01 19:03:24,824 - TradingBot - INFO - 第 1 轮: SXPUSDT 开仓调整后数量=0, is_reverse_open=False
2025-06-01 19:03:24,825 - TradingBot - WARNING - 第 1 轮: SXPUSDT 调整数量为 0，跳过
2025-06-01 19:03:24,825 - TradingBot - INFO - 第 1 轮: 处理开仓 SUNUSDT BUY, 需求数量=20.0
2025-06-01 19:03:25,240 - TradingBot - WARNING - SUNUSDT 数量调整为 0 (因名义价值 0.37357999999999997 小于最小值 5.0)
2025-06-01 19:03:25,241 - TradingBot - INFO - SUNUSDT 数量调整: 20.0 -> 0, 最小值: 1.0, 最大值: 50000000.0, 名义价值=0.0, 真实保证金=0.000000, 数量精度=0
2025-06-01 19:03:25,241 - TradingBot - INFO - 第 1 轮: SUNUSDT 开仓调整后数量=0, is_reverse_open=False
2025-06-01 19:03:25,241 - TradingBot - WARNING - 第 1 轮: SUNUSDT 调整数量为 0，跳过
2025-06-01 19:03:25,241 - TradingBot - INFO - 第 1 轮: 处理开仓 DFUSDT SELL, 需求数量=-33.0
2025-06-01 19:03:25,684 - TradingBot - WARNING - DFUSDT 数量调整为 0 (因名义价值 1.4767500000000002 小于最小值 5.0)
2025-06-01 19:03:25,684 - TradingBot - INFO - DFUSDT 数量调整: 33.0 -> 0, 最小值: 1.0, 最大值: 5000000.0, 名义价值=0.0, 真实保证金=0.000000, 数量精度=0
2025-06-01 19:03:25,685 - TradingBot - INFO - 第 1 轮: DFUSDT 开仓调整后数量=0, is_reverse_open=False
2025-06-01 19:03:25,685 - TradingBot - WARNING - 第 1 轮: DFUSDT 调整数量为 0，跳过
2025-06-01 19:03:25,685 - TradingBot - INFO - 第 1 轮: 处理开仓 LRCUSDT BUY, 需求数量=7.0
2025-06-01 19:03:26,133 - TradingBot - WARNING - LRCUSDT 数量调整为 0 (因名义价值 0.59794 小于最小值 5.0)
2025-06-01 19:03:26,134 - TradingBot - INFO - LRCUSDT 数量调整: 7.0 -> 0, 最小值: 1.0, 最大值: 10000000.0, 名义价值=0.0, 真实保证金=0.000000, 数量精度=0
2025-06-01 19:03:26,135 - TradingBot - INFO - 第 1 轮: LRCUSDT 开仓调整后数量=0, is_reverse_open=False
2025-06-01 19:03:26,135 - TradingBot - WARNING - 第 1 轮: LRCUSDT 调整数量为 0，跳过
2025-06-01 19:03:26,135 - TradingBot - INFO - 第 1 轮: 处理开仓 RLCUSDT BUY, 需求数量=0.9000000000000004
