D:\anaconda\python.exe D:\sam_bnb_futures_limit_order\main_sam_new.py
2025-05-29 15:34:22,029 - TradingBot - INFO - 日志初始化成功，当前日志文件: logs\trading_2025-05-29.log
2025-05-29 15:34:22,029 - TradingBot - INFO - 交易程序启动，进入日内多次换仓模式
2025-05-29 15:34:22,331 - TradingBot - INFO - Binance 客户端初始化成功，测试网络: False
2025-05-29 15:34:22,683 - TradingBot - INFO - 所有交易对已是全仓模式 (CROSSED)，无需修改
2025-05-29 15:34:22,803 - TradingBot - INFO - 账户已是单币种模式 (Single)，无需修改
2025-05-29 15:34:22,931 - TradingBot - INFO - 账户已是单向模式 (One-way)，无需修改
2025-05-29 15:34:23,439 - TradingBot - INFO - 检查 20250529 的文件或邮件，Run_ID: 2025-05-29_1534:23
2025-05-29 15:34:23,439 - TradingBot - INFO - 检查本地 data/pos20250529_v3.csv：data/pos20250529_v3.csv
2025-05-29 15:34:23,439 - TradingBot - INFO - 本地找到文件 data/pos20250529_v3.csv，哈希值: f15f859a3ed30157e3a3be2755a85d1b，未处理，直接使用
2025-05-29 15:34:23,439 - TradingBot - INFO - 处理 20250529 的pos文件，Run_ID:： 2025-05-29_1534:23
2025-05-29 15:34:23,439 - TradingBot - INFO - 🚀 开始执行交易引擎 | Date: 20250529 | RunID: 2025-05-29_1534:23
2025-05-29 15:34:23,587 - TradingBot - INFO - 当前没有未成交的挂单
2025-05-29 15:34:23,590 - TradingBot - INFO - 📋 黑名单过滤结果
├─ 被过滤币种 (7个): BADGERUSDT, BALUSDT, LINAUSDT, NULSUSDT, SNTUSDT, TROYUSDT, VIDTUSDT
└─ 剩余候选池: 166/173
2025-05-29 15:34:23,598 - TradingBot - INFO - 🔍 有效候选列表
├─ 多头候选: 82个
└─ 空头候选: 84个
2025-05-29 15:34:23,916 - TradingBot - INFO - =====账户信息获取成功: totalMarginBalance = 48.07547531, available_balance = 6.02660723=====
2025-05-29 15:34:23,916 - TradingBot - INFO - 每笔交易资金份额: per_share=3.076819665
2025-05-29 15:34:24,072 - TradingBot - INFO - 获取到 14 个非零持仓
2025-05-29 15:34:24,072 - TradingBot - INFO - 当前持仓: {'TRXUSDT': 34.0, 'PROMUSDT': 1.7, 'CRVUSDT': -11.6, 'FLMUSDT': -195.0, 'OMUSDT': -23.5, 'MKRUSDT': 0.005, 'DOGEUSDT': 41.0, 'DASHUSDT': -0.368, 'KAVAUSDT': 21.8, 'IOSTUSDT': 2382.0, 'AERGOUSDT': -60.0, 'XRPUSDT': 4.0, 'DFUSDT': -177.0, 'CAKEUSDT': -3.0}, 是否第一天: False
2025-05-29 15:34:24,261 - TradingBot - INFO - 交易所信息获取成功
2025-05-29 15:34:25,193 - TradingBot - WARNING - BTCUSDT 数量调整为 0 (原值: 0 小于最小值: 0.001)
2025-05-29 15:34:25,193 - TradingBot - WARNING - BTCUSDT 数量调整为 0 (因名义价值 0.0 小于最小值 100.0)
2025-05-29 15:34:25,193 - TradingBot - INFO - BTCUSDT 数量调整: 8.557576736230218e-05 -> 0, 最小值: 0.001, 最大值: 1000.0, 名义价值=0.0, 真实保证金=0.000000, 数量精度=3
2025-05-29 15:34:25,195 - TradingBot - WARNING - BTCUSDT 数量调整为 0，跳过
2025-05-29 15:34:25,749 - TradingBot - INFO - MKRUSDT 数量调整: 0.005277563747855918 -> 0.005, 最小值: 0.001, 最大值: 10000.0, 名义价值=8.745000000000001, 真实保证金=2.915000, 数量精度=3
2025-05-29 15:34:25,750 - TradingBot - INFO - 添加多头目标: MKRUSDT, 数量=0.005
2025-05-29 15:34:26,305 - TradingBot - INFO - DOGEUSDT 数量调整: 41.08451949525971 -> 41.0, 最小值: 1.0, 最大值: 50000000.0, 名义价值=9.21147, 真实保证金=3.070490, 数量精度=0
2025-05-29 15:34:26,306 - TradingBot - INFO - 添加多头目标: DOGEUSDT, 数量=41.0
2025-05-29 15:34:26,829 - TradingBot - INFO - KAVAUSDT 数量调整: 21.84724022485207 -> 21.8, 最小值: 0.1, 最大值: 1000000.0, 名义价值=9.2105, 真实保证金=3.070167, 数量精度=1
2025-05-29 15:34:26,830 - TradingBot - INFO - 添加多头目标: KAVAUSDT, 数量=21.8
2025-05-29 15:34:26,830 - TradingBot - WARNING - 交易对 KEYUSDT 不可交易，跳过
2025-05-29 15:34:26,830 - TradingBot - WARNING - 交易对 STPTUSDT 不可交易，跳过
2025-05-29 15:34:26,830 - TradingBot - WARNING - 交易对 AMBUSDT 不可交易，跳过
2025-05-29 15:34:26,830 - TradingBot - WARNING - 交易对 REEFUSDT 不可交易，跳过
2025-05-29 15:34:26,830 - TradingBot - WARNING - 交易对 SCUSDT 不可交易，跳过
2025-05-29 15:34:27,344 - TradingBot - INFO - TRXUSDT 数量调整: 33.515337115573146 -> 34.0, 最小值: 1.0, 最大值: 10000000.0, 名义价值=9.36394, 真实保证金=3.121313, 数量精度=0
2025-05-29 15:34:27,346 - TradingBot - INFO - 添加多头目标: TRXUSDT, 数量=34.0
2025-05-29 15:34:27,346 - TradingBot - WARNING - 交易对 SLPUSDT 不可交易，跳过
2025-05-29 15:34:27,346 - TradingBot - WARNING - 交易对 DGBUSDT 不可交易，跳过
2025-05-29 15:34:27,346 - TradingBot - WARNING - 交易对 MDTUSDT 不可交易，跳过
2025-05-29 15:34:27,346 - TradingBot - WARNING - 交易对 RENUSDT 不可交易，跳过
2025-05-29 15:34:27,848 - TradingBot - INFO - IOSTUSDT 数量调整: 2380.8251212277532 -> 2381.0, 最小值: 1.0, 最大值: 80000000.0, 名义价值=9.231137, 真实保证金=3.077046, 数量精度=0
2025-05-29 15:34:27,848 - TradingBot - INFO - 添加多头目标: IOSTUSDT, 数量=2381.0
2025-05-29 15:34:28,347 - TradingBot - INFO - PROMUSDT 数量调整: 1.7217793312814773 -> 1.7, 最小值: 0.1, 最大值: 100000.0, 名义价值=9.1137, 真实保证金=3.037900, 数量精度=1
2025-05-29 15:34:28,347 - TradingBot - INFO - 添加多头目标: PROMUSDT, 数量=1.7
2025-05-29 15:34:29,137 - TradingBot - INFO - XRPUSDT 数量调整: 4.045076030939129 -> 4.0, 最小值: 0.1, 最大值: 10000000.0, 名义价值=9.1276, 真实保证金=3.042533, 数量精度=1
2025-05-29 15:34:29,138 - TradingBot - INFO - 添加多头目标: XRPUSDT, 数量=4.0
2025-05-29 15:34:29,646 - TradingBot - INFO - AERGOUSDT 数量调整: 63.58817163819233 -> 64.0, 最小值: 1.0, 最大值: 4000000.0, 名义价值=9.29024, 真实保证金=3.096747, 数量精度=0
2025-05-29 15:34:29,648 - TradingBot - INFO - 添加空头目标: AERGOUSDT, 数量=-64.0
2025-05-29 15:34:30,151 - TradingBot - INFO - FLMUSDT 数量调整: 193.10583671548116 -> 193.0, 最小值: 1.0, 最大值: 15000000.0, 名义价值=9.2254, 真实保证金=3.075133, 数量精度=0
2025-05-29 15:34:30,152 - TradingBot - INFO - 添加空头目标: FLMUSDT, 数量=-193.0
2025-05-29 15:34:30,683 - TradingBot - INFO - OMUSDT 数量调整: 23.539883186269506 -> 23.5, 最小值: 0.1, 最大值: 10000000.0, 名义价值=9.214820000000001, 真实保证金=3.071607, 数量精度=1
2025-05-29 15:34:30,684 - TradingBot - INFO - 添加空头目标: OMUSDT, 数量=-23.5
2025-05-29 15:34:31,192 - TradingBot - INFO - DASHUSDT 数量调整: 0.3884873314393939 -> 0.388, 最小值: 0.001, 最大值: 10000.0, 名义价值=9.21888, 真实保证金=3.072960, 数量精度=3
2025-05-29 15:34:31,193 - TradingBot - INFO - 添加空头目标: DASHUSDT, 数量=-0.388
2025-05-29 15:34:31,694 - TradingBot - INFO - CRVUSDT 数量调整: 11.788581091954022 -> 11.8, 最小值: 0.1, 最大值: 1000000.0, 名义价值=9.239400000000002, 真实保证金=3.079800, 数量精度=1
2025-05-29 15:34:31,695 - TradingBot - INFO - 添加空头目标: CRVUSDT, 数量=-11.8
2025-05-29 15:34:32,206 - TradingBot - INFO - CAKEUSDT 数量调整: 3.3979234290447264 -> 3.0, 最小值: 1.0, 最大值: 1000000.0, 名义价值=8.1495, 真实保证金=2.716500, 数量精度=0
2025-05-29 15:34:32,206 - TradingBot - INFO - 添加空头目标: CAKEUSDT, 数量=-3.0
2025-05-29 15:34:32,855 - TradingBot - WARNING - BCHUSDT 数量调整为 0 (因名义价值 9.29984 小于最小值 20.0)
2025-05-29 15:34:32,855 - TradingBot - INFO - BCHUSDT 数量调整: 0.021835870067657075 -> 0, 最小值: 0.001, 最大值: 10000.0, 名义价值=0.0, 真实保证金=0.000000, 数量精度=3
2025-05-29 15:34:32,856 - TradingBot - WARNING - BCHUSDT 数量调整为 0，跳过
2025-05-29 15:34:33,369 - TradingBot - INFO - DFUSDT 数量调整: 184.31427705670924 -> 184.0, 最小值: 1.0, 最大值: 5000000.0, 名义价值=9.21472, 真实保证金=3.071573, 数量精度=0
2025-05-29 15:34:33,370 - TradingBot - INFO - 添加空头目标: DFUSDT, 数量=-184.0
2025-05-29 15:34:33,370 - TradingBot - INFO - 初始化目标持仓: {'MKRUSDT': 0.005, 'DOGEUSDT': 41.0, 'KAVAUSDT': 21.8, 'TRXUSDT': 34.0, 'IOSTUSDT': 2381.0, 'PROMUSDT': 1.7, 'XRPUSDT': 4.0, 'AERGOUSDT': -64.0, 'FLMUSDT': -193.0, 'OMUSDT': -23.5, 'DASHUSDT': -0.388, 'CRVUSDT': -11.8, 'CAKEUSDT': -3.0, 'DFUSDT': -184.0}
2025-05-29 15:34:33,515 - TradingBot - INFO - 获取到 14 个非零持仓
2025-05-29 15:34:33,516 - TradingBot - INFO - ==================== 开始持续限价单调仓 ====================
2025-05-29 15:34:33,516 - TradingBot - INFO - 开始第 1 轮调仓...
2025-05-29 15:34:33,661 - TradingBot - INFO - 第 1 轮开始时可用余额: 6.04090023
2025-05-29 15:34:33,805 - TradingBot - INFO - 第 1 轮: 处理平仓 IOSTUSDT SELL, 需求数量=1.0
2025-05-29 15:34:34,287 - TradingBot - INFO - IOSTUSDT 平仓数量调整: 1.0 -> 1.0, 最小值: 1.0, 最大值: 80000000.0, 名义价值=0.003877, 真实保证金=0.001292, 数量精度=0
2025-05-29 15:34:34,288 - TradingBot - INFO - 第 1 轮: IOSTUSDT 平仓调整后数量=1.0
2025-05-29 15:34:34,289 - TradingBot - INFO - 第 1 轮: IOSTUSDT 为平仓操作，跳过余额检查
2025-05-29 15:34:34,420 - TradingBot - INFO - 第 1 轮: 准备平仓挂单 IOSTUSDT SELL, 数量=1.0, 价格=0.003877, is_close=True
2025-05-29 15:34:34,569 - TradingBot - INFO - IOSTUSDT 杠杆设置为 3
2025-05-29 15:34:34,569 - TradingBot - INFO - IOSTUSDT 杠杆已设置为 3, is_close=True
2025-05-29 15:34:34,749 - TradingBot - INFO - IOSTUSDT 为平仓订单 (reduceOnly=True)，跳过保证金检查
2025-05-29 15:34:34,883 - TradingBot - INFO - IOSTUSDT postonly 挂单成功: 方向=SELL, 数量=1.0, 价格=0.003877, 订单ID=8218138592, is_close=True, reduceOnly=True
2025-05-29 15:34:35,028 - TradingBot - INFO - 第 1 轮: IOSTUSDT 平仓挂单结果 success=True, order_id=8218138592, order={'orderId': 8218138592, 'symbol': 'IOSTUSDT', 'status': 'NEW', 'clientOrderId': 'x-Cb7ytekJe6167ba096c2e3cd926aa0', 'price': '0.003877', 'avgPrice': '0.00', 'origQty': '1', 'executedQty': '0', 'cumQty': '0', 'cumQuote': '0.000000', 'timeInForce': 'GTX', 'type': 'LIMIT', 'reduceOnly': True, 'closePosition': False, 'side': 'SELL', 'positionSide': 'BOTH', 'stopPrice': '0.000000', 'workingType': 'CONTRACT_PRICE', 'priceProtect': False, 'origType': 'LIMIT', 'priceMatch': 'NONE', 'selfTradePreventionMode': 'EXPIRE_MAKER', 'goodTillDate': 0, 'updateTime': 1748504074827}
2025-05-29 15:34:35,028 - TradingBot - INFO - 第 1 轮: IOSTUSDT SELL postOnly 平仓挂单成功，订单ID=8218138592, is_close=True
2025-05-29 15:34:35,028 - TradingBot - INFO - 第 1 轮: 处理平仓 FLMUSDT BUY, 需求数量=2.0
2025-05-29 15:34:35,504 - TradingBot - INFO - FLMUSDT 平仓数量调整: 2.0 -> 2.0, 最小值: 1.0, 最大值: 15000000.0, 名义价值=0.0954, 真实保证金=0.031800, 数量精度=0
2025-05-29 15:34:35,506 - TradingBot - INFO - 第 1 轮: FLMUSDT 平仓调整后数量=2.0
2025-05-29 15:34:35,506 - TradingBot - INFO - 第 1 轮: FLMUSDT 为平仓操作，跳过余额检查
2025-05-29 15:34:35,652 - TradingBot - INFO - 第 1 轮: 准备平仓挂单 FLMUSDT BUY, 数量=2.0, 价格=0.0477, is_close=True
2025-05-29 15:34:35,800 - TradingBot - INFO - FLMUSDT 杠杆设置为 3
2025-05-29 15:34:35,800 - TradingBot - INFO - FLMUSDT 杠杆已设置为 3, is_close=True
2025-05-29 15:34:35,976 - TradingBot - INFO - FLMUSDT 为平仓订单 (reduceOnly=True)，跳过保证金检查
2025-05-29 15:34:36,132 - TradingBot - INFO - FLMUSDT postonly 挂单成功: 方向=BUY, 数量=2.0, 价格=0.0477, 订单ID=8392365630, is_close=True, reduceOnly=True
2025-05-29 15:34:36,272 - TradingBot - INFO - 第 1 轮: FLMUSDT 平仓挂单结果 success=True, order_id=8392365630, order={'orderId': 8392365630, 'symbol': 'FLMUSDT', 'status': 'NEW', 'clientOrderId': 'x-Cb7ytekJ9ff6e22bcd9b3a3da4a634', 'price': '0.0477', 'avgPrice': '0.00', 'origQty': '2', 'executedQty': '0', 'cumQty': '0', 'cumQuote': '0.0000', 'timeInForce': 'GTX', 'type': 'LIMIT', 'reduceOnly': True, 'closePosition': False, 'side': 'BUY', 'positionSide': 'BOTH', 'stopPrice': '0.0000', 'workingType': 'CONTRACT_PRICE', 'priceProtect': False, 'origType': 'LIMIT', 'priceMatch': 'NONE', 'selfTradePreventionMode': 'EXPIRE_MAKER', 'goodTillDate': 0, 'updateTime': 1748504076066}
2025-05-29 15:34:36,272 - TradingBot - INFO - 第 1 轮: FLMUSDT BUY postOnly 平仓挂单成功，订单ID=8392365630, is_close=True
2025-05-29 15:34:36,272 - TradingBot - INFO - 第 1 轮开仓前可用余额: 6.04090023, 开仓需求: {'IOSTUSDT': 0.0, 'DASHUSDT': -0.020000000000000018, 'CRVUSDT': -0.20000000000000107, 'FLMUSDT': 0.0, 'DFUSDT': -7.0, 'AERGOUSDT': -4.0}
2025-05-29 15:34:36,272 - TradingBot - INFO - 第 1 轮: 跳过 IOSTUSDT 开仓，原因：数量为0或已处理
2025-05-29 15:34:36,272 - TradingBot - INFO - 第 1 轮: 处理开仓 DASHUSDT SELL, 需求数量=-0.020000000000000018
2025-05-29 15:34:36,826 - TradingBot - WARNING - DASHUSDT 数量调整为 0 (因名义价值 0.4754 小于最小值 5.0)
2025-05-29 15:34:36,827 - TradingBot - INFO - DASHUSDT 数量调整: 0.020000000000000018 -> 0, 最小值: 0.001, 最大值: 10000.0, 名义价值=0.0, 真实保证金=0.000000, 数量精度=3
2025-05-29 15:34:36,827 - TradingBot - INFO - 第 1 轮: DASHUSDT 开仓调整后数量=0, is_reverse_open=False
2025-05-29 15:34:36,827 - TradingBot - WARNING - 第 1 轮: DASHUSDT 调整数量为 0，跳过
2025-05-29 15:34:36,827 - TradingBot - INFO - 第 1 轮: 处理开仓 CRVUSDT SELL, 需求数量=-0.20000000000000107
2025-05-29 15:34:37,328 - TradingBot - WARNING - CRVUSDT 数量调整为 0 (因名义价值 0.15660000000000002 小于最小值 5.0)
2025-05-29 15:34:37,329 - TradingBot - INFO - CRVUSDT 数量调整: 0.20000000000000107 -> 0, 最小值: 0.1, 最大值: 1000000.0, 名义价值=0.0, 真实保证金=0.000000, 数量精度=1
2025-05-29 15:34:37,330 - TradingBot - INFO - 第 1 轮: CRVUSDT 开仓调整后数量=0, is_reverse_open=False
2025-05-29 15:34:37,330 - TradingBot - WARNING - 第 1 轮: CRVUSDT 调整数量为 0，跳过
2025-05-29 15:34:37,330 - TradingBot - INFO - 第 1 轮: 跳过 FLMUSDT 开仓，原因：数量为0或已处理
2025-05-29 15:34:37,330 - TradingBot - INFO - 第 1 轮: 处理开仓 DFUSDT SELL, 需求数量=-7.0
2025-05-29 15:34:37,803 - TradingBot - WARNING - DFUSDT 数量调整为 0 (因名义价值 0.35056000000000004 小于最小值 5.0)
2025-05-29 15:34:37,803 - TradingBot - INFO - DFUSDT 数量调整: 7.0 -> 0, 最小值: 1.0, 最大值: 5000000.0, 名义价值=0.0, 真实保证金=0.000000, 数量精度=0
2025-05-29 15:34:37,803 - TradingBot - INFO - 第 1 轮: DFUSDT 开仓调整后数量=0, is_reverse_open=False
2025-05-29 15:34:37,803 - TradingBot - WARNING - 第 1 轮: DFUSDT 调整数量为 0，跳过
2025-05-29 15:34:37,804 - TradingBot - INFO - 第 1 轮: 处理开仓 AERGOUSDT SELL, 需求数量=-4.0
2025-05-29 15:34:38,291 - TradingBot - WARNING - AERGOUSDT 数量调整为 0 (因名义价值 0.5806800000000001 小于最小值 5.0)
2025-05-29 15:34:38,291 - TradingBot - INFO - AERGOUSDT 数量调整: 4.0 -> 0, 最小值: 1.0, 最大值: 4000000.0, 名义价值=0.0, 真实保证金=0.000000, 数量精度=0
2025-05-29 15:34:38,292 - TradingBot - INFO - 第 1 轮: AERGOUSDT 开仓调整后数量=0, is_reverse_open=False
2025-05-29 15:34:38,292 - TradingBot - WARNING - 第 1 轮: AERGOUSDT 调整数量为 0，跳过
2025-05-29 15:34:38,292 - TradingBot - INFO - 第 1 轮挂单等待，最多 30 秒...
2025-05-29 15:34:50,062 - TradingBot - INFO - 第 1 轮: IOSTUSDT SELL 单已成交，订单ID=8218138592, 成交数量=1.0, 均价=0.003877
2025-05-29 15:34:50,062 - TradingBot - INFO - 第 1 轮: IOSTUSDT SELL 已完全成交，订单ID=8218138592, 成交数量=1.0
2025-05-29 15:35:09,443 - TradingBot - INFO - 第 1 轮结束，取消所有未成交挂单...
2025-05-29 15:35:09,571 - TradingBot - INFO - 第 1 轮: 发现 1 个未成交订单
2025-05-29 15:35:09,711 - TradingBot - INFO - 成功取消 FLMUSDT 订单，订单ID=8392365630
2025-05-29 15:35:09,711 - TradingBot - INFO - 第 1 轮: 成功取消 FLMUSDT BUY 挂单，订单ID=8392365630
2025-05-29 15:35:09,858 - TradingBot - INFO - 获取到 14 个非零持仓
2025-05-29 15:35:10,565 - TradingBot - INFO - DASHUSDT 平仓数量调整: 0.020000000000000018 -> 0.02, 最小值: 0.001, 最大值: 10000.0, 名义价值=0.47520000000000007, 真实保证金=0.158400, 数量精度=3
2025-05-29 15:35:10,567 - TradingBot - INFO - 第 1 轮: DASHUSDT 差值 -0.020000000000000018 为小额调整（名义价值 0.47520000000000007 < 5 或数量过小），跳过后续轮次
2025-05-29 15:35:11,061 - TradingBot - INFO - CRVUSDT 平仓数量调整: 0.20000000000000107 -> 0.2, 最小值: 0.1, 最大值: 1000000.0, 名义价值=0.15680000000000002, 真实保证金=0.052267, 数量精度=1
2025-05-29 15:35:11,062 - TradingBot - INFO - 第 1 轮: CRVUSDT 差值 -0.20000000000000107 为小额调整（名义价值 0.15680000000000002 < 5 或数量过小），跳过后续轮次
2025-05-29 15:35:11,655 - TradingBot - INFO - FLMUSDT 平仓数量调整: 2.0 -> 2.0, 最小值: 1.0, 最大值: 15000000.0, 名义价值=0.0956, 真实保证金=0.031867, 数量精度=0
2025-05-29 15:35:11,657 - TradingBot - INFO - 第 1 轮: FLMUSDT 差值 2.0 为小额调整（名义价值 0.0956 < 5 或数量过小），跳过后续轮次
2025-05-29 15:35:12,524 - TradingBot - INFO - DFUSDT 平仓数量调整: 7.0 -> 7.0, 最小值: 1.0, 最大值: 5000000.0, 名义价值=0.35063, 真实保证金=0.116877, 数量精度=0
2025-05-29 15:35:12,524 - TradingBot - INFO - 第 1 轮: DFUSDT 差值 -7.0 为小额调整（名义价值 0.35063 < 5 或数量过小），跳过后续轮次
2025-05-29 15:35:13,330 - TradingBot - INFO - AERGOUSDT 平仓数量调整: 4.0 -> 4.0, 最小值: 1.0, 最大值: 4000000.0, 名义价值=0.58064, 真实保证金=0.193547, 数量精度=0
2025-05-29 15:35:13,331 - TradingBot - INFO - 第 1 轮: AERGOUSDT 差值 -4.0 为小额调整（名义价值 0.58064 < 5 或数量过小），跳过后续轮次
2025-05-29 15:35:13,331 - TradingBot - INFO - 第 1 轮完成，剩余需求: {}
2025-05-29 15:35:13,331 - TradingBot - INFO - 第 1 轮后所有目标已达成，结束限价单调仓
2025-05-29 15:35:13,331 - TradingBot - INFO - ==================== 市价单补齐：后续调仓 ====================
2025-05-29 15:35:13,694 - TradingBot - INFO - 获取到 14 个非零持仓
2025-05-29 15:35:13,694 - TradingBot - INFO - 市价单补齐：所有目标已达成，无需补齐
2025-05-29 15:35:37,810 - TradingBot - INFO - 账户信息已保存为JSON文件: data/account_info_20250529_153537.json
2025-05-29 15:35:37,818 - TradingBot - INFO - account_metrics.xlsx 为空或不存在，回报率设为 0
2025-05-29 15:35:38,398 - TradingBot - INFO - 成功写入 14 条指标到 data/account_metrics.xlsx，Run_ID=2025-05-29_1534:23
2025-05-29 15:35:38,398 - TradingBot - INFO - ✅ 交易引擎执行完成 | RunID: 2025-05-29_1534:23
2025-05-29 15:35:38,399 - TradingBot - INFO - 当前日期: 2025-05-29, Run_ID: 2025-05-29_1534:23
2025-05-29 15:35:38,401 - TradingBot - INFO - 读取 data/positions_output.csv，去重后包含 123 条记录
2025-05-29 15:35:38,402 - TradingBot - INFO - 找到 0 条 Run_ID=2025-05-29_1534:23 或日期=2025-05-29 的记录
2025-05-29 15:35:38,402 - TradingBot - INFO - 当前 Run_ID 无持仓数据，创建空结果
2025-05-29 15:35:38,402 - TradingBot - INFO - 正持仓数量: 0, 负持仓数量: 0
2025-05-29 15:35:38,403 - TradingBot - INFO - 资金费率文件 data/pos20250529_v3.csv 已加载，去重后包含 173 条记录
2025-05-29 15:35:38,405 - TradingBot - INFO - 已为 7 个黑名单币种设置 ErrorReason: 黑名单过滤
2025-05-29 15:35:38,405 - TradingBot - ERROR - 已筛选出 16 个币种映射错误原因
2025-05-29 15:35:38,406 - TradingBot - INFO - 已为 16 个币种映射其他错误原因
2025-05-29 15:35:38,408 - TradingBot - INFO - 无有效持仓数据，生成空结果
2025-05-29 15:35:38,429 - TradingBot - ERROR - 交易程序发生异常: Index(['ID'], dtype='object')
2025-05-29 15:35:38,430 - TradingBot - CRITICAL - 交易程序发生异常: Index(['ID'], dtype='object')

